{"C:\\Users\\Manya Sethi\\Carbon_Footprint_Tracker\\app.js": {"path":"C:\\Users\\Manya Sethi\\Carbon_Footprint_Tracker\\app.js","statementMap":{"0":{"start":{"line":9,"column":25},"end":{"line":107,"column":1}},"1":{"start":{"line":49,"column":20},"end":{"line":49,"column":41}},"2":{"start":{"line":52,"column":24},"end":{"line":52,"column":52}},"3":{"start":{"line":53,"column":24},"end":{"line":53,"column":54}},"4":{"start":{"line":54,"column":24},"end":{"line":54,"column":59}},"5":{"start":{"line":55,"column":29},"end":{"line":55,"column":61}},"6":{"start":{"line":57,"column":25},"end":{"line":57,"column":52}},"7":{"start":{"line":58,"column":29},"end":{"line":58,"column":76}},"8":{"start":{"line":60,"column":26},"end":{"line":60,"column":53}},"9":{"start":{"line":61,"column":28},"end":{"line":61,"column":68}},"10":{"start":{"line":63,"column":27},"end":{"line":63,"column":89}},"11":{"start":{"line":66,"column":21},"end":{"line":66,"column":52}},"12":{"start":{"line":67,"column":20},"end":{"line":67,"column":43}},"13":{"start":{"line":68,"column":25},"end":{"line":68,"column":57}},"14":{"start":{"line":70,"column":26},"end":{"line":70,"column":80}},"15":{"start":{"line":71,"column":30},"end":{"line":71,"column":81}},"16":{"start":{"line":73,"column":26},"end":{"line":73,"column":72}},"17":{"start":{"line":75,"column":28},"end":{"line":75,"column":75}},"18":{"start":{"line":76,"column":25},"end":{"line":76,"column":72}},"19":{"start":{"line":78,"column":24},"end":{"line":78,"column":61}},"20":{"start":{"line":81,"column":21},"end":{"line":81,"column":47}},"21":{"start":{"line":82,"column":26},"end":{"line":82,"column":70}},"22":{"start":{"line":84,"column":26},"end":{"line":84,"column":54}},"23":{"start":{"line":85,"column":30},"end":{"line":85,"column":82}},"24":{"start":{"line":87,"column":23},"end":{"line":87,"column":52}},"25":{"start":{"line":88,"column":27},"end":{"line":88,"column":73}},"26":{"start":{"line":90,"column":31},"end":{"line":90,"column":90}},"27":{"start":{"line":93,"column":24},"end":{"line":93,"column":56}},"28":{"start":{"line":94,"column":24},"end":{"line":94,"column":66}},"29":{"start":{"line":97,"column":16},"end":{"line":97,"column":79}},"30":{"start":{"line":98,"column":4},"end":{"line":98,"column":33}},"31":{"start":{"line":100,"column":4},"end":{"line":105,"column":6}},"32":{"start":{"line":112,"column":17},"end":{"line":199,"column":1}},"33":{"start":{"line":154,"column":4},"end":{"line":166,"column":5}},"34":{"start":{"line":155,"column":20},"end":{"line":155,"column":50}},"35":{"start":{"line":156,"column":6},"end":{"line":163,"column":7}},"36":{"start":{"line":157,"column":23},"end":{"line":157,"column":40}},"37":{"start":{"line":159,"column":8},"end":{"line":159,"column":57}},"38":{"start":{"line":160,"column":8},"end":{"line":160,"column":78}},"39":{"start":{"line":161,"column":8},"end":{"line":161,"column":87}},"40":{"start":{"line":162,"column":8},"end":{"line":162,"column":108}},"41":{"start":{"line":165,"column":6},"end":{"line":165,"column":77}},"42":{"start":{"line":170,"column":4},"end":{"line":174,"column":5}},"43":{"start":{"line":171,"column":6},"end":{"line":171,"column":64}},"44":{"start":{"line":173,"column":6},"end":{"line":173,"column":65}},"45":{"start":{"line":178,"column":4},"end":{"line":178,"column":27}},"46":{"start":{"line":179,"column":21},"end":{"line":179,"column":36}},"47":{"start":{"line":181,"column":4},"end":{"line":181,"column":57}},"48":{"start":{"line":184,"column":22},"end":{"line":191,"column":5}},"49":{"start":{"line":192,"column":4},"end":{"line":192,"column":73}},"50":{"start":{"line":194,"column":4},"end":{"line":194,"column":16}},"51":{"start":{"line":197,"column":4},"end":{"line":197,"column":38}},"52":{"start":{"line":204,"column":22},"end":{"line":217,"column":1}},"53":{"start":{"line":219,"column":22},"end":{"line":226,"column":1}},"54":{"start":{"line":220,"column":111},"end":{"line":220,"column":126}},"55":{"start":{"line":221,"column":101},"end":{"line":221,"column":113}},"56":{"start":{"line":222,"column":94},"end":{"line":222,"column":106}},"57":{"start":{"line":223,"column":100},"end":{"line":223,"column":121}},"58":{"start":{"line":224,"column":113},"end":{"line":224,"column":132}},"59":{"start":{"line":225,"column":111},"end":{"line":225,"column":124}},"60":{"start":{"line":228,"column":23},"end":{"line":253,"column":1}},"61":{"start":{"line":255,"column":28},"end":{"line":279,"column":1}},"62":{"start":{"line":284,"column":12},"end":{"line":685,"column":1}},"63":{"start":{"line":288,"column":4},"end":{"line":288,"column":20}},"64":{"start":{"line":289,"column":4},"end":{"line":289,"column":32}},"65":{"start":{"line":290,"column":4},"end":{"line":290,"column":28}},"66":{"start":{"line":293,"column":4},"end":{"line":297,"column":5}},"67":{"start":{"line":294,"column":6},"end":{"line":294,"column":34}},"68":{"start":{"line":296,"column":6},"end":{"line":296,"column":36}},"69":{"start":{"line":300,"column":4},"end":{"line":300,"column":35}},"70":{"start":{"line":303,"column":4},"end":{"line":303,"column":34}},"71":{"start":{"line":304,"column":4},"end":{"line":304,"column":33}},"72":{"start":{"line":305,"column":4},"end":{"line":305,"column":24}},"73":{"start":{"line":306,"column":4},"end":{"line":306,"column":27}},"74":{"start":{"line":307,"column":4},"end":{"line":307,"column":27}},"75":{"start":{"line":312,"column":4},"end":{"line":317,"column":7}},"76":{"start":{"line":313,"column":6},"end":{"line":316,"column":7}},"77":{"start":{"line":314,"column":8},"end":{"line":314,"column":38}},"78":{"start":{"line":315,"column":8},"end":{"line":315,"column":33}},"79":{"start":{"line":322,"column":19},"end":{"line":322,"column":58}},"80":{"start":{"line":323,"column":4},"end":{"line":323,"column":54}},"81":{"start":{"line":323,"column":24},"end":{"line":323,"column":52}},"82":{"start":{"line":326,"column":25},"end":{"line":326,"column":78}},"83":{"start":{"line":327,"column":4},"end":{"line":327,"column":66}},"84":{"start":{"line":327,"column":33},"end":{"line":327,"column":64}},"85":{"start":{"line":328,"column":4},"end":{"line":331,"column":7}},"86":{"start":{"line":329,"column":18},"end":{"line":329,"column":46}},"87":{"start":{"line":330,"column":6},"end":{"line":330,"column":58}},"88":{"start":{"line":330,"column":15},"end":{"line":330,"column":58}},"89":{"start":{"line":334,"column":22},"end":{"line":334,"column":65}},"90":{"start":{"line":335,"column":4},"end":{"line":335,"column":29}},"91":{"start":{"line":335,"column":22},"end":{"line":335,"column":29}},"92":{"start":{"line":337,"column":4},"end":{"line":337,"column":40}},"93":{"start":{"line":340,"column":4},"end":{"line":340,"column":47}},"94":{"start":{"line":341,"column":4},"end":{"line":341,"column":24}},"95":{"start":{"line":344,"column":19},"end":{"line":344,"column":61}},"96":{"start":{"line":345,"column":4},"end":{"line":349,"column":5}},"97":{"start":{"line":346,"column":6},"end":{"line":346,"column":37}},"98":{"start":{"line":347,"column":18},"end":{"line":347,"column":48}},"99":{"start":{"line":348,"column":6},"end":{"line":348,"column":57}},"100":{"start":{"line":348,"column":15},"end":{"line":348,"column":57}},"101":{"start":{"line":352,"column":4},"end":{"line":354,"column":5}},"102":{"start":{"line":353,"column":6},"end":{"line":353,"column":33}},"103":{"start":{"line":358,"column":25},"end":{"line":358,"column":70}},"104":{"start":{"line":359,"column":22},"end":{"line":359,"column":64}},"105":{"start":{"line":360,"column":26},"end":{"line":360,"column":67}},"106":{"start":{"line":361,"column":22},"end":{"line":361,"column":60}},"107":{"start":{"line":362,"column":26},"end":{"line":362,"column":69}},"108":{"start":{"line":363,"column":28},"end":{"line":363,"column":72}},"109":{"start":{"line":365,"column":23},"end":{"line":365,"column":54}},"110":{"start":{"line":366,"column":22},"end":{"line":366,"column":51}},"111":{"start":{"line":367,"column":25},"end":{"line":367,"column":62}},"112":{"start":{"line":369,"column":4},"end":{"line":369,"column":105}},"113":{"start":{"line":369,"column":22},"end":{"line":369,"column":105}},"114":{"start":{"line":370,"column":4},"end":{"line":370,"column":99}},"115":{"start":{"line":370,"column":19},"end":{"line":370,"column":99}},"116":{"start":{"line":372,"column":4},"end":{"line":375,"column":5}},"117":{"start":{"line":373,"column":6},"end":{"line":373,"column":61}},"118":{"start":{"line":374,"column":6},"end":{"line":374,"column":55}},"119":{"start":{"line":376,"column":4},"end":{"line":378,"column":5}},"120":{"start":{"line":377,"column":6},"end":{"line":377,"column":49}},"121":{"start":{"line":380,"column":4},"end":{"line":380,"column":72}},"122":{"start":{"line":380,"column":23},"end":{"line":380,"column":72}},"123":{"start":{"line":383,"column":21},"end":{"line":383,"column":22}},"124":{"start":{"line":385,"column":4},"end":{"line":385,"column":53}},"125":{"start":{"line":387,"column":4},"end":{"line":390,"column":7}},"126":{"start":{"line":388,"column":17},"end":{"line":388,"column":54}},"127":{"start":{"line":388,"column":41},"end":{"line":388,"column":53}},"128":{"start":{"line":389,"column":6},"end":{"line":389,"column":35}},"129":{"start":{"line":389,"column":14},"end":{"line":389,"column":35}},"130":{"start":{"line":392,"column":4},"end":{"line":392,"column":77}},"131":{"start":{"line":392,"column":25},"end":{"line":392,"column":77}},"132":{"start":{"line":395,"column":29},"end":{"line":395,"column":74}},"133":{"start":{"line":396,"column":4},"end":{"line":398,"column":5}},"134":{"start":{"line":397,"column":6},"end":{"line":397,"column":76}},"135":{"start":{"line":402,"column":21},"end":{"line":402,"column":46}},"136":{"start":{"line":403,"column":26},"end":{"line":403,"column":54}},"137":{"start":{"line":405,"column":4},"end":{"line":420,"column":5}},"138":{"start":{"line":406,"column":6},"end":{"line":406,"column":31}},"139":{"start":{"line":408,"column":20},"end":{"line":408,"column":38}},"140":{"start":{"line":409,"column":25},"end":{"line":409,"column":48}},"141":{"start":{"line":410,"column":23},"end":{"line":410,"column":51}},"142":{"start":{"line":411,"column":23},"end":{"line":411,"column":66}},"143":{"start":{"line":413,"column":6},"end":{"line":419,"column":7}},"144":{"start":{"line":416,"column":13},"end":{"line":419,"column":7}},"145":{"start":{"line":418,"column":8},"end":{"line":418,"column":33}},"146":{"start":{"line":421,"column":4},"end":{"line":421,"column":20}},"147":{"start":{"line":425,"column":21},"end":{"line":425,"column":46}},"148":{"start":{"line":426,"column":4},"end":{"line":432,"column":5}},"149":{"start":{"line":427,"column":6},"end":{"line":427,"column":32}},"150":{"start":{"line":428,"column":6},"end":{"line":428,"column":46}},"151":{"start":{"line":429,"column":6},"end":{"line":429,"column":22}},"152":{"start":{"line":430,"column":6},"end":{"line":430,"column":34}},"153":{"start":{"line":431,"column":6},"end":{"line":431,"column":35}},"154":{"start":{"line":436,"column":4},"end":{"line":436,"column":45}},"155":{"start":{"line":436,"column":38},"end":{"line":436,"column":45}},"156":{"start":{"line":438,"column":16},"end":{"line":438,"column":88}},"157":{"start":{"line":441,"column":4},"end":{"line":441,"column":105}},"158":{"start":{"line":442,"column":4},"end":{"line":442,"column":100}},"159":{"start":{"line":443,"column":4},"end":{"line":443,"column":73}},"160":{"start":{"line":446,"column":4},"end":{"line":446,"column":92}},"161":{"start":{"line":447,"column":25},"end":{"line":447,"column":58}},"162":{"start":{"line":448,"column":4},"end":{"line":448,"column":84}},"163":{"start":{"line":451,"column":4},"end":{"line":451,"column":55}},"164":{"start":{"line":454,"column":4},"end":{"line":454,"column":47}},"165":{"start":{"line":458,"column":26},"end":{"line":458,"column":76}},"166":{"start":{"line":459,"column":4},"end":{"line":459,"column":31}},"167":{"start":{"line":459,"column":24},"end":{"line":459,"column":31}},"168":{"start":{"line":462,"column":4},"end":{"line":462,"column":35}},"169":{"start":{"line":464,"column":23},"end":{"line":468,"column":5}},"170":{"start":{"line":471,"column":4},"end":{"line":471,"column":45}},"171":{"start":{"line":471,"column":30},"end":{"line":471,"column":43}},"172":{"start":{"line":472,"column":20},"end":{"line":472,"column":33}},"173":{"start":{"line":473,"column":16},"end":{"line":473,"column":74}},"174":{"start":{"line":476,"column":24},"end":{"line":476,"column":53}},"175":{"start":{"line":477,"column":4},"end":{"line":477,"column":51}},"176":{"start":{"line":479,"column":24},"end":{"line":479,"column":53}},"177":{"start":{"line":480,"column":4},"end":{"line":480,"column":51}},"178":{"start":{"line":481,"column":21},"end":{"line":481,"column":48}},"179":{"start":{"line":482,"column":4},"end":{"line":482,"column":59}},"180":{"start":{"line":483,"column":4},"end":{"line":483,"column":34}},"181":{"start":{"line":484,"column":4},"end":{"line":484,"column":35}},"182":{"start":{"line":485,"column":4},"end":{"line":485,"column":38}},"183":{"start":{"line":486,"column":4},"end":{"line":486,"column":41}},"184":{"start":{"line":488,"column":24},"end":{"line":488,"column":53}},"185":{"start":{"line":489,"column":4},"end":{"line":489,"column":46}},"186":{"start":{"line":491,"column":22},"end":{"line":491,"column":50}},"187":{"start":{"line":492,"column":4},"end":{"line":492,"column":62}},"188":{"start":{"line":493,"column":4},"end":{"line":493,"column":39}},"189":{"start":{"line":495,"column":21},"end":{"line":495,"column":48}},"190":{"start":{"line":496,"column":4},"end":{"line":502,"column":5}},"191":{"start":{"line":497,"column":6},"end":{"line":497,"column":216}},"192":{"start":{"line":498,"column":11},"end":{"line":502,"column":5}},"193":{"start":{"line":499,"column":6},"end":{"line":499,"column":200}},"194":{"start":{"line":501,"column":6},"end":{"line":501,"column":194}},"195":{"start":{"line":503,"column":4},"end":{"line":503,"column":38}},"196":{"start":{"line":504,"column":4},"end":{"line":504,"column":41}},"197":{"start":{"line":505,"column":4},"end":{"line":505,"column":43}},"198":{"start":{"line":508,"column":29},"end":{"line":508,"column":58}},"199":{"start":{"line":509,"column":26},"end":{"line":509,"column":35}},"200":{"start":{"line":511,"column":4},"end":{"line":555,"column":5}},"201":{"start":{"line":512,"column":6},"end":{"line":512,"column":58}},"202":{"start":{"line":513,"column":24},"end":{"line":513,"column":53}},"203":{"start":{"line":514,"column":6},"end":{"line":514,"column":51}},"204":{"start":{"line":515,"column":23},"end":{"line":515,"column":50}},"205":{"start":{"line":516,"column":6},"end":{"line":516,"column":59}},"206":{"start":{"line":517,"column":6},"end":{"line":517,"column":36}},"207":{"start":{"line":518,"column":6},"end":{"line":518,"column":37}},"208":{"start":{"line":519,"column":6},"end":{"line":519,"column":38}},"209":{"start":{"line":520,"column":6},"end":{"line":520,"column":46}},"210":{"start":{"line":522,"column":29},"end":{"line":522,"column":58}},"211":{"start":{"line":523,"column":6},"end":{"line":523,"column":51}},"212":{"start":{"line":525,"column":27},"end":{"line":525,"column":55}},"213":{"start":{"line":526,"column":6},"end":{"line":526,"column":60}},"214":{"start":{"line":527,"column":6},"end":{"line":527,"column":47}},"215":{"start":{"line":529,"column":26},"end":{"line":529,"column":53}},"216":{"start":{"line":530,"column":6},"end":{"line":530,"column":163}},"217":{"start":{"line":531,"column":6},"end":{"line":531,"column":46}},"218":{"start":{"line":532,"column":6},"end":{"line":532,"column":51}},"219":{"start":{"line":534,"column":6},"end":{"line":534,"column":55}},"220":{"start":{"line":535,"column":23},"end":{"line":535,"column":52}},"221":{"start":{"line":536,"column":6},"end":{"line":536,"column":47}},"222":{"start":{"line":537,"column":20},"end":{"line":537,"column":47}},"223":{"start":{"line":538,"column":6},"end":{"line":538,"column":48}},"224":{"start":{"line":539,"column":6},"end":{"line":539,"column":33}},"225":{"start":{"line":540,"column":6},"end":{"line":540,"column":34}},"226":{"start":{"line":541,"column":6},"end":{"line":541,"column":34}},"227":{"start":{"line":542,"column":6},"end":{"line":542,"column":45}},"228":{"start":{"line":544,"column":26},"end":{"line":544,"column":55}},"229":{"start":{"line":545,"column":6},"end":{"line":545,"column":48}},"230":{"start":{"line":547,"column":24},"end":{"line":547,"column":52}},"231":{"start":{"line":548,"column":6},"end":{"line":548,"column":56}},"232":{"start":{"line":549,"column":6},"end":{"line":549,"column":41}},"233":{"start":{"line":551,"column":23},"end":{"line":551,"column":50}},"234":{"start":{"line":552,"column":6},"end":{"line":552,"column":203}},"235":{"start":{"line":553,"column":6},"end":{"line":553,"column":40}},"236":{"start":{"line":554,"column":6},"end":{"line":554,"column":48}},"237":{"start":{"line":557,"column":4},"end":{"line":557,"column":48}},"238":{"start":{"line":560,"column":4},"end":{"line":560,"column":51}},"239":{"start":{"line":560,"column":23},"end":{"line":560,"column":51}},"240":{"start":{"line":564,"column":4},"end":{"line":564,"column":30}},"241":{"start":{"line":564,"column":23},"end":{"line":564,"column":30}},"242":{"start":{"line":567,"column":19},"end":{"line":567,"column":59}},"243":{"start":{"line":568,"column":4},"end":{"line":597,"column":5}},"244":{"start":{"line":569,"column":6},"end":{"line":569,"column":53}},"245":{"start":{"line":569,"column":27},"end":{"line":569,"column":53}},"246":{"start":{"line":571,"column":6},"end":{"line":596,"column":9}},"247":{"start":{"line":600,"column":20},"end":{"line":600,"column":59}},"248":{"start":{"line":601,"column":4},"end":{"line":653,"column":5}},"249":{"start":{"line":602,"column":6},"end":{"line":602,"column":55}},"250":{"start":{"line":602,"column":28},"end":{"line":602,"column":55}},"251":{"start":{"line":605,"column":19},"end":{"line":605,"column":21}},"252":{"start":{"line":606,"column":17},"end":{"line":606,"column":19}},"253":{"start":{"line":608,"column":6},"end":{"line":618,"column":7}},"254":{"start":{"line":610,"column":8},"end":{"line":610,"column":68}},"255":{"start":{"line":611,"column":8},"end":{"line":611,"column":116}},"256":{"start":{"line":614,"column":8},"end":{"line":617,"column":11}},"257":{"start":{"line":615,"column":10},"end":{"line":615,"column":55}},"258":{"start":{"line":616,"column":10},"end":{"line":616,"column":29}},"259":{"start":{"line":620,"column":6},"end":{"line":652,"column":9}},"260":{"start":{"line":657,"column":4},"end":{"line":664,"column":5}},"261":{"start":{"line":658,"column":6},"end":{"line":663,"column":9}},"262":{"start":{"line":668,"column":4},"end":{"line":668,"column":27}},"263":{"start":{"line":670,"column":23},"end":{"line":670,"column":63}},"264":{"start":{"line":671,"column":24},"end":{"line":671,"column":73}},"265":{"start":{"line":673,"column":4},"end":{"line":673,"column":94}},"266":{"start":{"line":673,"column":21},"end":{"line":673,"column":94}},"267":{"start":{"line":674,"column":4},"end":{"line":674,"column":55}},"268":{"start":{"line":674,"column":20},"end":{"line":674,"column":55}},"269":{"start":{"line":677,"column":4},"end":{"line":677,"column":46}},"270":{"start":{"line":678,"column":4},"end":{"line":678,"column":23}},"271":{"start":{"line":682,"column":23},"end":{"line":682,"column":63}},"272":{"start":{"line":683,"column":4},"end":{"line":683,"column":58}},"273":{"start":{"line":683,"column":20},"end":{"line":683,"column":58}},"274":{"start":{"line":690,"column":25},"end":{"line":1019,"column":1}},"275":{"start":{"line":695,"column":18},"end":{"line":695,"column":61}},"276":{"start":{"line":696,"column":4},"end":{"line":699,"column":5}},"277":{"start":{"line":697,"column":6},"end":{"line":697,"column":36}},"278":{"start":{"line":698,"column":6},"end":{"line":698,"column":20}},"279":{"start":{"line":701,"column":4},"end":{"line":701,"column":25}},"280":{"start":{"line":702,"column":4},"end":{"line":702,"column":30}},"281":{"start":{"line":703,"column":4},"end":{"line":703,"column":35}},"282":{"start":{"line":704,"column":4},"end":{"line":704,"column":31}},"283":{"start":{"line":708,"column":18},"end":{"line":708,"column":61}},"284":{"start":{"line":709,"column":4},"end":{"line":709,"column":48}},"285":{"start":{"line":709,"column":15},"end":{"line":709,"column":48}},"286":{"start":{"line":714,"column":23},"end":{"line":714,"column":64}},"287":{"start":{"line":715,"column":4},"end":{"line":720,"column":5}},"288":{"start":{"line":716,"column":6},"end":{"line":719,"column":8}},"289":{"start":{"line":717,"column":8},"end":{"line":717,"column":90}},"290":{"start":{"line":718,"column":8},"end":{"line":718,"column":35}},"291":{"start":{"line":723,"column":26},"end":{"line":723,"column":66}},"292":{"start":{"line":724,"column":4},"end":{"line":729,"column":5}},"293":{"start":{"line":725,"column":6},"end":{"line":728,"column":8}},"294":{"start":{"line":726,"column":8},"end":{"line":726,"column":89}},"295":{"start":{"line":727,"column":8},"end":{"line":727,"column":35}},"296":{"start":{"line":732,"column":25},"end":{"line":732,"column":65}},"297":{"start":{"line":733,"column":4},"end":{"line":738,"column":5}},"298":{"start":{"line":734,"column":6},"end":{"line":737,"column":8}},"299":{"start":{"line":735,"column":8},"end":{"line":735,"column":91}},"300":{"start":{"line":736,"column":8},"end":{"line":736,"column":35}},"301":{"start":{"line":741,"column":23},"end":{"line":741,"column":67}},"302":{"start":{"line":742,"column":4},"end":{"line":747,"column":5}},"303":{"start":{"line":743,"column":6},"end":{"line":746,"column":8}},"304":{"start":{"line":744,"column":8},"end":{"line":744,"column":88}},"305":{"start":{"line":745,"column":8},"end":{"line":745,"column":35}},"306":{"start":{"line":750,"column":22},"end":{"line":750,"column":58}},"307":{"start":{"line":751,"column":4},"end":{"line":756,"column":5}},"308":{"start":{"line":752,"column":6},"end":{"line":755,"column":8}},"309":{"start":{"line":753,"column":8},"end":{"line":753,"column":80}},"310":{"start":{"line":754,"column":8},"end":{"line":754,"column":35}},"311":{"start":{"line":759,"column":24},"end":{"line":759,"column":62}},"312":{"start":{"line":760,"column":4},"end":{"line":765,"column":5}},"313":{"start":{"line":761,"column":6},"end":{"line":764,"column":8}},"314":{"start":{"line":762,"column":8},"end":{"line":762,"column":82}},"315":{"start":{"line":763,"column":8},"end":{"line":763,"column":35}},"316":{"start":{"line":768,"column":23},"end":{"line":768,"column":64}},"317":{"start":{"line":769,"column":4},"end":{"line":775,"column":5}},"318":{"start":{"line":770,"column":25},"end":{"line":770,"column":121}},"319":{"start":{"line":771,"column":6},"end":{"line":774,"column":8}},"320":{"start":{"line":772,"column":8},"end":{"line":772,"column":91}},"321":{"start":{"line":773,"column":8},"end":{"line":773,"column":35}},"322":{"start":{"line":778,"column":24},"end":{"line":778,"column":66}},"323":{"start":{"line":779,"column":4},"end":{"line":785,"column":5}},"324":{"start":{"line":780,"column":26},"end":{"line":780,"column":99}},"325":{"start":{"line":781,"column":6},"end":{"line":784,"column":8}},"326":{"start":{"line":782,"column":8},"end":{"line":782,"column":93}},"327":{"start":{"line":783,"column":8},"end":{"line":783,"column":35}},"328":{"start":{"line":789,"column":4},"end":{"line":789,"column":70}},"329":{"start":{"line":791,"column":18},"end":{"line":791,"column":78}},"330":{"start":{"line":792,"column":4},"end":{"line":792,"column":55}},"331":{"start":{"line":792,"column":23},"end":{"line":792,"column":53}},"332":{"start":{"line":794,"column":20},"end":{"line":799,"column":5}},"333":{"start":{"line":800,"column":15},"end":{"line":800,"column":54}},"334":{"start":{"line":801,"column":4},"end":{"line":801,"column":41}},"335":{"start":{"line":801,"column":12},"end":{"line":801,"column":41}},"336":{"start":{"line":804,"column":20},"end":{"line":804,"column":61}},"337":{"start":{"line":805,"column":4},"end":{"line":811,"column":5}},"338":{"start":{"line":806,"column":6},"end":{"line":810,"column":7}},"339":{"start":{"line":807,"column":8},"end":{"line":807,"column":39}},"340":{"start":{"line":809,"column":8},"end":{"line":809,"column":39}},"341":{"start":{"line":813,"column":4},"end":{"line":813,"column":31}},"342":{"start":{"line":817,"column":4},"end":{"line":817,"column":67}},"343":{"start":{"line":818,"column":18},"end":{"line":818,"column":78}},"344":{"start":{"line":819,"column":4},"end":{"line":819,"column":55}},"345":{"start":{"line":819,"column":23},"end":{"line":819,"column":53}},"346":{"start":{"line":821,"column":20},"end":{"line":826,"column":5}},"347":{"start":{"line":827,"column":15},"end":{"line":827,"column":54}},"348":{"start":{"line":828,"column":4},"end":{"line":828,"column":41}},"349":{"start":{"line":828,"column":12},"end":{"line":828,"column":41}},"350":{"start":{"line":830,"column":4},"end":{"line":830,"column":31}},"351":{"start":{"line":834,"column":4},"end":{"line":834,"column":71}},"352":{"start":{"line":835,"column":18},"end":{"line":835,"column":78}},"353":{"start":{"line":836,"column":4},"end":{"line":836,"column":55}},"354":{"start":{"line":836,"column":23},"end":{"line":836,"column":53}},"355":{"start":{"line":838,"column":20},"end":{"line":842,"column":5}},"356":{"start":{"line":843,"column":15},"end":{"line":843,"column":54}},"357":{"start":{"line":844,"column":4},"end":{"line":844,"column":41}},"358":{"start":{"line":844,"column":12},"end":{"line":844,"column":41}},"359":{"start":{"line":846,"column":4},"end":{"line":846,"column":31}},"360":{"start":{"line":851,"column":22},"end":{"line":851,"column":81}},"361":{"start":{"line":852,"column":19},"end":{"line":852,"column":75}},"362":{"start":{"line":853,"column":19},"end":{"line":853,"column":79}},"363":{"start":{"line":855,"column":4},"end":{"line":867,"column":6}},"364":{"start":{"line":871,"column":19},"end":{"line":871,"column":38}},"365":{"start":{"line":872,"column":19},"end":{"line":872,"column":53}},"366":{"start":{"line":873,"column":4},"end":{"line":873,"column":83}},"367":{"start":{"line":877,"column":17},"end":{"line":877,"column":45}},"368":{"start":{"line":879,"column":4},"end":{"line":882,"column":5}},"369":{"start":{"line":880,"column":6},"end":{"line":880,"column":25}},"370":{"start":{"line":881,"column":6},"end":{"line":881,"column":13}},"371":{"start":{"line":884,"column":4},"end":{"line":887,"column":5}},"372":{"start":{"line":885,"column":6},"end":{"line":885,"column":30}},"373":{"start":{"line":886,"column":6},"end":{"line":886,"column":32}},"374":{"start":{"line":892,"column":4},"end":{"line":917,"column":5}},"375":{"start":{"line":892,"column":17},"end":{"line":892,"column":18}},"376":{"start":{"line":893,"column":19},"end":{"line":893,"column":57}},"377":{"start":{"line":894,"column":24},"end":{"line":894,"column":65}},"378":{"start":{"line":895,"column":22},"end":{"line":895,"column":64}},"379":{"start":{"line":897,"column":6},"end":{"line":908,"column":7}},"380":{"start":{"line":898,"column":8},"end":{"line":907,"column":9}},"381":{"start":{"line":899,"column":10},"end":{"line":899,"column":59}},"382":{"start":{"line":900,"column":10},"end":{"line":900,"column":58}},"383":{"start":{"line":901,"column":15},"end":{"line":907,"column":9}},"384":{"start":{"line":902,"column":10},"end":{"line":902,"column":56}},"385":{"start":{"line":903,"column":10},"end":{"line":903,"column":57}},"386":{"start":{"line":905,"column":10},"end":{"line":905,"column":49}},"387":{"start":{"line":906,"column":10},"end":{"line":906,"column":58}},"388":{"start":{"line":910,"column":6},"end":{"line":916,"column":7}},"389":{"start":{"line":911,"column":8},"end":{"line":915,"column":9}},"390":{"start":{"line":912,"column":10},"end":{"line":912,"column":42}},"391":{"start":{"line":914,"column":10},"end":{"line":914,"column":45}},"392":{"start":{"line":920,"column":26},"end":{"line":920,"column":80}},"393":{"start":{"line":921,"column":4},"end":{"line":921,"column":79}},"394":{"start":{"line":924,"column":20},"end":{"line":924,"column":60}},"395":{"start":{"line":925,"column":20},"end":{"line":925,"column":60}},"396":{"start":{"line":927,"column":4},"end":{"line":931,"column":5}},"397":{"start":{"line":928,"column":6},"end":{"line":928,"column":47}},"398":{"start":{"line":930,"column":6},"end":{"line":930,"column":42}},"399":{"start":{"line":933,"column":4},"end":{"line":937,"column":5}},"400":{"start":{"line":934,"column":6},"end":{"line":934,"column":37}},"401":{"start":{"line":936,"column":6},"end":{"line":936,"column":35}},"402":{"start":{"line":941,"column":19},"end":{"line":941,"column":38}},"403":{"start":{"line":942,"column":19},"end":{"line":942,"column":53}},"404":{"start":{"line":945,"column":4},"end":{"line":945,"column":34}},"405":{"start":{"line":946,"column":4},"end":{"line":946,"column":37}},"406":{"start":{"line":947,"column":4},"end":{"line":947,"column":39}},"407":{"start":{"line":950,"column":20},"end":{"line":950,"column":94}},"408":{"start":{"line":951,"column":4},"end":{"line":954,"column":7}},"409":{"start":{"line":957,"column":22},"end":{"line":957,"column":87}},"410":{"start":{"line":958,"column":4},"end":{"line":958,"column":20}},"411":{"start":{"line":961,"column":4},"end":{"line":961,"column":22}},"412":{"start":{"line":964,"column":27},"end":{"line":964,"column":67}},"413":{"start":{"line":965,"column":4},"end":{"line":965,"column":66}},"414":{"start":{"line":965,"column":24},"end":{"line":965,"column":66}},"415":{"start":{"line":967,"column":4},"end":{"line":967,"column":31}},"416":{"start":{"line":968,"column":4},"end":{"line":968,"column":33}},"417":{"start":{"line":970,"column":4},"end":{"line":974,"column":5}},"418":{"start":{"line":971,"column":6},"end":{"line":971,"column":61}},"419":{"start":{"line":973,"column":6},"end":{"line":973,"column":28}},"420":{"start":{"line":977,"column":4},"end":{"line":977,"column":33}},"421":{"start":{"line":982,"column":26},"end":{"line":987,"column":5}},"422":{"start":{"line":989,"column":4},"end":{"line":1001,"column":6}},"423":{"start":{"line":1002,"column":4},"end":{"line":1002,"column":44}},"424":{"start":{"line":1003,"column":4},"end":{"line":1003,"column":39}},"425":{"start":{"line":1005,"column":20},"end":{"line":1005,"column":94}},"426":{"start":{"line":1006,"column":4},"end":{"line":1006,"column":61}},"427":{"start":{"line":1008,"column":4},"end":{"line":1008,"column":24}},"428":{"start":{"line":1009,"column":4},"end":{"line":1009,"column":20}},"429":{"start":{"line":1011,"column":27},"end":{"line":1011,"column":67}},"430":{"start":{"line":1012,"column":4},"end":{"line":1012,"column":66}},"431":{"start":{"line":1012,"column":24},"end":{"line":1012,"column":66}},"432":{"start":{"line":1014,"column":4},"end":{"line":1014,"column":31}},"433":{"start":{"line":1015,"column":4},"end":{"line":1015,"column":33}},"434":{"start":{"line":1016,"column":4},"end":{"line":1016,"column":26}},"435":{"start":{"line":1017,"column":4},"end":{"line":1017,"column":33}},"436":{"start":{"line":1024,"column":22},"end":{"line":1219,"column":1}},"437":{"start":{"line":1028,"column":4},"end":{"line":1028,"column":37}},"438":{"start":{"line":1031,"column":17},"end":{"line":1031,"column":77}},"439":{"start":{"line":1032,"column":4},"end":{"line":1032,"column":52}},"440":{"start":{"line":1032,"column":22},"end":{"line":1032,"column":50}},"441":{"start":{"line":1034,"column":22},"end":{"line":1034,"column":59}},"442":{"start":{"line":1035,"column":4},"end":{"line":1035,"column":53}},"443":{"start":{"line":1035,"column":19},"end":{"line":1035,"column":53}},"444":{"start":{"line":1037,"column":4},"end":{"line":1037,"column":25}},"445":{"start":{"line":1041,"column":17},"end":{"line":1041,"column":66}},"446":{"start":{"line":1042,"column":4},"end":{"line":1042,"column":22}},"447":{"start":{"line":1042,"column":15},"end":{"line":1042,"column":22}},"448":{"start":{"line":1045,"column":4},"end":{"line":1045,"column":26}},"449":{"start":{"line":1047,"column":21},"end":{"line":1050,"column":6}},"450":{"start":{"line":1048,"column":6},"end":{"line":1048,"column":60}},"451":{"start":{"line":1048,"column":48},"end":{"line":1048,"column":60}},"452":{"start":{"line":1049,"column":6},"end":{"line":1049,"column":55}},"453":{"start":{"line":1052,"column":4},"end":{"line":1130,"column":7}},"454":{"start":{"line":1053,"column":26},"end":{"line":1053,"column":62}},"455":{"start":{"line":1054,"column":26},"end":{"line":1054,"column":69}},"456":{"start":{"line":1057,"column":19},"end":{"line":1057,"column":48}},"457":{"start":{"line":1058,"column":6},"end":{"line":1058,"column":74}},"458":{"start":{"line":1059,"column":6},"end":{"line":1059,"column":44}},"459":{"start":{"line":1061,"column":22},"end":{"line":1061,"column":51}},"460":{"start":{"line":1062,"column":6},"end":{"line":1062,"column":45}},"461":{"start":{"line":1065,"column":27},"end":{"line":1065,"column":56}},"462":{"start":{"line":1066,"column":6},"end":{"line":1066,"column":59}},"463":{"start":{"line":1068,"column":23},"end":{"line":1068,"column":54}},"464":{"start":{"line":1069,"column":6},"end":{"line":1069,"column":33}},"465":{"start":{"line":1070,"column":6},"end":{"line":1070,"column":56}},"466":{"start":{"line":1071,"column":6},"end":{"line":1071,"column":37}},"467":{"start":{"line":1072,"column":6},"end":{"line":1072,"column":39}},"468":{"start":{"line":1073,"column":6},"end":{"line":1073,"column":85}},"469":{"start":{"line":1073,"column":33},"end":{"line":1073,"column":84}},"470":{"start":{"line":1075,"column":28},"end":{"line":1075,"column":58}},"471":{"start":{"line":1076,"column":6},"end":{"line":1076,"column":44}},"472":{"start":{"line":1077,"column":21},"end":{"line":1077,"column":48}},"473":{"start":{"line":1078,"column":6},"end":{"line":1078,"column":50}},"474":{"start":{"line":1079,"column":6},"end":{"line":1079,"column":34}},"475":{"start":{"line":1080,"column":6},"end":{"line":1080,"column":35}},"476":{"start":{"line":1081,"column":6},"end":{"line":1081,"column":40}},"477":{"start":{"line":1083,"column":6},"end":{"line":1083,"column":41}},"478":{"start":{"line":1084,"column":6},"end":{"line":1084,"column":46}},"479":{"start":{"line":1085,"column":6},"end":{"line":1085,"column":40}},"480":{"start":{"line":1088,"column":22},"end":{"line":1088,"column":51}},"481":{"start":{"line":1089,"column":6},"end":{"line":1089,"column":43}},"482":{"start":{"line":1091,"column":20},"end":{"line":1091,"column":50}},"483":{"start":{"line":1092,"column":6},"end":{"line":1092,"column":39}},"484":{"start":{"line":1093,"column":6},"end":{"line":1093,"column":34}},"485":{"start":{"line":1095,"column":19},"end":{"line":1095,"column":48}},"486":{"start":{"line":1096,"column":6},"end":{"line":1096,"column":37}},"487":{"start":{"line":1098,"column":22},"end":{"line":1098,"column":52}},"488":{"start":{"line":1099,"column":6},"end":{"line":1099,"column":44}},"489":{"start":{"line":1100,"column":6},"end":{"line":1100,"column":51}},"490":{"start":{"line":1102,"column":21},"end":{"line":1102,"column":51}},"491":{"start":{"line":1103,"column":6},"end":{"line":1103,"column":42}},"492":{"start":{"line":1104,"column":6},"end":{"line":1104,"column":41}},"493":{"start":{"line":1106,"column":19},"end":{"line":1106,"column":46}},"494":{"start":{"line":1107,"column":6},"end":{"line":1107,"column":38}},"495":{"start":{"line":1108,"column":6},"end":{"line":1108,"column":45}},"496":{"start":{"line":1109,"column":6},"end":{"line":1109,"column":35}},"497":{"start":{"line":1110,"column":6},"end":{"line":1110,"column":32}},"498":{"start":{"line":1112,"column":6},"end":{"line":1112,"column":32}},"499":{"start":{"line":1113,"column":6},"end":{"line":1113,"column":31}},"500":{"start":{"line":1114,"column":6},"end":{"line":1114,"column":33}},"501":{"start":{"line":1115,"column":6},"end":{"line":1115,"column":32}},"502":{"start":{"line":1116,"column":6},"end":{"line":1116,"column":32}},"503":{"start":{"line":1117,"column":6},"end":{"line":1117,"column":35}},"504":{"start":{"line":1119,"column":6},"end":{"line":1119,"column":32}},"505":{"start":{"line":1122,"column":21},"end":{"line":1122,"column":53}},"506":{"start":{"line":1123,"column":6},"end":{"line":1123,"column":29}},"507":{"start":{"line":1124,"column":6},"end":{"line":1124,"column":38}},"508":{"start":{"line":1125,"column":6},"end":{"line":1125,"column":62}},"509":{"start":{"line":1126,"column":6},"end":{"line":1126,"column":63}},"510":{"start":{"line":1126,"column":29},"end":{"line":1126,"column":62}},"511":{"start":{"line":1128,"column":6},"end":{"line":1128,"column":31}},"512":{"start":{"line":1129,"column":6},"end":{"line":1129,"column":29}},"513":{"start":{"line":1133,"column":4},"end":{"line":1133,"column":51}},"514":{"start":{"line":1133,"column":23},"end":{"line":1133,"column":51}},"515":{"start":{"line":1137,"column":17},"end":{"line":1137,"column":38}},"516":{"start":{"line":1138,"column":18},"end":{"line":1138,"column":35}},"517":{"start":{"line":1140,"column":4},"end":{"line":1148,"column":5}},"518":{"start":{"line":1141,"column":6},"end":{"line":1141,"column":21}},"519":{"start":{"line":1142,"column":6},"end":{"line":1142,"column":25}},"520":{"start":{"line":1144,"column":6},"end":{"line":1144,"column":28}},"521":{"start":{"line":1146,"column":24},"end":{"line":1146,"column":65}},"522":{"start":{"line":1147,"column":6},"end":{"line":1147,"column":78}},"523":{"start":{"line":1147,"column":28},"end":{"line":1147,"column":78}},"524":{"start":{"line":1150,"column":4},"end":{"line":1150,"column":20}},"525":{"start":{"line":1151,"column":4},"end":{"line":1151,"column":31}},"526":{"start":{"line":1152,"column":4},"end":{"line":1152,"column":25}},"527":{"start":{"line":1153,"column":4},"end":{"line":1153,"column":24}},"528":{"start":{"line":1157,"column":17},"end":{"line":1157,"column":45}},"529":{"start":{"line":1158,"column":23},"end":{"line":1158,"column":60}},"530":{"start":{"line":1158,"column":47},"end":{"line":1158,"column":59}},"531":{"start":{"line":1159,"column":4},"end":{"line":1159,"column":28}},"532":{"start":{"line":1159,"column":21},"end":{"line":1159,"column":28}},"533":{"start":{"line":1161,"column":18},"end":{"line":1161,"column":35}},"534":{"start":{"line":1163,"column":4},"end":{"line":1177,"column":5}},"535":{"start":{"line":1164,"column":6},"end":{"line":1164,"column":21}},"536":{"start":{"line":1165,"column":6},"end":{"line":1165,"column":28}},"537":{"start":{"line":1166,"column":22},"end":{"line":1166,"column":51}},"538":{"start":{"line":1168,"column":6},"end":{"line":1172,"column":7}},"539":{"start":{"line":1169,"column":8},"end":{"line":1169,"column":63}},"540":{"start":{"line":1171,"column":8},"end":{"line":1171,"column":30}},"541":{"start":{"line":1173,"column":11},"end":{"line":1177,"column":5}},"542":{"start":{"line":1174,"column":6},"end":{"line":1174,"column":28}},"543":{"start":{"line":1175,"column":6},"end":{"line":1175,"column":71}},"544":{"start":{"line":1176,"column":6},"end":{"line":1176,"column":22}},"545":{"start":{"line":1179,"column":4},"end":{"line":1179,"column":20}},"546":{"start":{"line":1180,"column":4},"end":{"line":1180,"column":31}},"547":{"start":{"line":1181,"column":4},"end":{"line":1181,"column":24}},"548":{"start":{"line":1185,"column":22},"end":{"line":1185,"column":65}},"549":{"start":{"line":1186,"column":4},"end":{"line":1186,"column":27}},"550":{"start":{"line":1186,"column":20},"end":{"line":1186,"column":27}},"551":{"start":{"line":1189,"column":4},"end":{"line":1189,"column":31}},"552":{"start":{"line":1191,"column":4},"end":{"line":1215,"column":7}},"553":{"start":{"line":1192,"column":25},"end":{"line":1192,"column":53}},"554":{"start":{"line":1194,"column":19},"end":{"line":1194,"column":52}},"555":{"start":{"line":1195,"column":6},"end":{"line":1195,"column":73}},"556":{"start":{"line":1197,"column":22},"end":{"line":1197,"column":51}},"557":{"start":{"line":1198,"column":6},"end":{"line":1198,"column":39}},"558":{"start":{"line":1199,"column":21},"end":{"line":1199,"column":48}},"559":{"start":{"line":1200,"column":6},"end":{"line":1200,"column":51}},"560":{"start":{"line":1201,"column":6},"end":{"line":1201,"column":34}},"561":{"start":{"line":1203,"column":19},"end":{"line":1203,"column":49}},"562":{"start":{"line":1204,"column":6},"end":{"line":1204,"column":36}},"563":{"start":{"line":1205,"column":6},"end":{"line":1205,"column":33}},"564":{"start":{"line":1207,"column":19},"end":{"line":1207,"column":46}},"565":{"start":{"line":1208,"column":6},"end":{"line":1208,"column":36}},"566":{"start":{"line":1209,"column":6},"end":{"line":1209,"column":32}},"567":{"start":{"line":1211,"column":6},"end":{"line":1211,"column":32}},"568":{"start":{"line":1212,"column":6},"end":{"line":1212,"column":29}},"569":{"start":{"line":1213,"column":6},"end":{"line":1213,"column":29}},"570":{"start":{"line":1214,"column":6},"end":{"line":1214,"column":34}},"571":{"start":{"line":1217,"column":4},"end":{"line":1217,"column":51}},"572":{"start":{"line":1217,"column":23},"end":{"line":1217,"column":51}},"573":{"start":{"line":1224,"column":21},"end":{"line":1302,"column":1}},"574":{"start":{"line":1226,"column":18},"end":{"line":1226,"column":67}},"575":{"start":{"line":1227,"column":4},"end":{"line":1229,"column":5}},"576":{"start":{"line":1228,"column":6},"end":{"line":1228,"column":80}},"577":{"start":{"line":1228,"column":45},"end":{"line":1228,"column":78}},"578":{"start":{"line":1233,"column":22},"end":{"line":1233,"column":73}},"579":{"start":{"line":1234,"column":4},"end":{"line":1234,"column":27}},"580":{"start":{"line":1234,"column":20},"end":{"line":1234,"column":27}},"581":{"start":{"line":1236,"column":23},"end":{"line":1236,"column":49}},"582":{"start":{"line":1238,"column":4},"end":{"line":1248,"column":5}},"583":{"start":{"line":1239,"column":6},"end":{"line":1239,"column":33}},"584":{"start":{"line":1240,"column":26},"end":{"line":1240,"column":53}},"585":{"start":{"line":1241,"column":6},"end":{"line":1241,"column":45}},"586":{"start":{"line":1242,"column":6},"end":{"line":1242,"column":52}},"587":{"start":{"line":1243,"column":6},"end":{"line":1243,"column":45}},"588":{"start":{"line":1244,"column":6},"end":{"line":1244,"column":43}},"589":{"start":{"line":1245,"column":6},"end":{"line":1245,"column":119}},"590":{"start":{"line":1246,"column":6},"end":{"line":1246,"column":41}},"591":{"start":{"line":1247,"column":6},"end":{"line":1247,"column":13}},"592":{"start":{"line":1251,"column":4},"end":{"line":1251,"column":31}},"593":{"start":{"line":1254,"column":17},"end":{"line":1254,"column":44}},"594":{"start":{"line":1255,"column":20},"end":{"line":1255,"column":60}},"595":{"start":{"line":1255,"column":37},"end":{"line":1255,"column":59}},"596":{"start":{"line":1257,"column":4},"end":{"line":1266,"column":5}},"597":{"start":{"line":1258,"column":23},"end":{"line":1258,"column":50}},"598":{"start":{"line":1259,"column":6},"end":{"line":1259,"column":42}},"599":{"start":{"line":1260,"column":6},"end":{"line":1260,"column":49}},"600":{"start":{"line":1261,"column":6},"end":{"line":1261,"column":42}},"601":{"start":{"line":1262,"column":6},"end":{"line":1262,"column":40}},"602":{"start":{"line":1263,"column":6},"end":{"line":1263,"column":80}},"603":{"start":{"line":1264,"column":6},"end":{"line":1264,"column":38}},"604":{"start":{"line":1265,"column":6},"end":{"line":1265,"column":13}},"605":{"start":{"line":1269,"column":4},"end":{"line":1300,"column":7}},"606":{"start":{"line":1270,"column":19},"end":{"line":1270,"column":36}},"607":{"start":{"line":1272,"column":19},"end":{"line":1272,"column":48}},"608":{"start":{"line":1273,"column":6},"end":{"line":1273,"column":42}},"609":{"start":{"line":1275,"column":25},"end":{"line":1275,"column":54}},"610":{"start":{"line":1276,"column":6},"end":{"line":1276,"column":40}},"611":{"start":{"line":1277,"column":6},"end":{"line":1277,"column":48}},"612":{"start":{"line":1278,"column":6},"end":{"line":1278,"column":35}},"613":{"start":{"line":1280,"column":19},"end":{"line":1280,"column":49}},"614":{"start":{"line":1281,"column":6},"end":{"line":1281,"column":42}},"615":{"start":{"line":1282,"column":6},"end":{"line":1282,"column":46}},"616":{"start":{"line":1283,"column":6},"end":{"line":1283,"column":27}},"617":{"start":{"line":1285,"column":19},"end":{"line":1285,"column":46}},"618":{"start":{"line":1286,"column":6},"end":{"line":1286,"column":38}},"619":{"start":{"line":1287,"column":6},"end":{"line":1287,"column":45}},"620":{"start":{"line":1288,"column":6},"end":{"line":1288,"column":35}},"621":{"start":{"line":1290,"column":6},"end":{"line":1290,"column":35}},"622":{"start":{"line":1291,"column":6},"end":{"line":1291,"column":35}},"623":{"start":{"line":1293,"column":18},"end":{"line":1293,"column":48}},"624":{"start":{"line":1294,"column":6},"end":{"line":1294,"column":40}},"625":{"start":{"line":1295,"column":6},"end":{"line":1295,"column":41}},"626":{"start":{"line":1297,"column":6},"end":{"line":1297,"column":35}},"627":{"start":{"line":1298,"column":6},"end":{"line":1298,"column":28}},"628":{"start":{"line":1299,"column":6},"end":{"line":1299,"column":34}},"629":{"start":{"line":1307,"column":24},"end":{"line":1390,"column":1}},"630":{"start":{"line":1309,"column":20},"end":{"line":1309,"column":59}},"631":{"start":{"line":1310,"column":20},"end":{"line":1310,"column":59}},"632":{"start":{"line":1311,"column":22},"end":{"line":1311,"column":63}},"633":{"start":{"line":1313,"column":4},"end":{"line":1313,"column":62}},"634":{"start":{"line":1313,"column":17},"end":{"line":1313,"column":62}},"635":{"start":{"line":1313,"column":42},"end":{"line":1313,"column":61}},"636":{"start":{"line":1314,"column":4},"end":{"line":1314,"column":62}},"637":{"start":{"line":1314,"column":17},"end":{"line":1314,"column":62}},"638":{"start":{"line":1314,"column":42},"end":{"line":1314,"column":61}},"639":{"start":{"line":1315,"column":4},"end":{"line":1315,"column":66}},"640":{"start":{"line":1315,"column":19},"end":{"line":1315,"column":66}},"641":{"start":{"line":1315,"column":46},"end":{"line":1315,"column":65}},"642":{"start":{"line":1317,"column":4},"end":{"line":1317,"column":24}},"643":{"start":{"line":1321,"column":18},"end":{"line":1321,"column":76}},"644":{"start":{"line":1322,"column":18},"end":{"line":1322,"column":76}},"645":{"start":{"line":1323,"column":20},"end":{"line":1323,"column":80}},"646":{"start":{"line":1326,"column":4},"end":{"line":1326,"column":74}},"647":{"start":{"line":1327,"column":4},"end":{"line":1327,"column":89}},"648":{"start":{"line":1328,"column":4},"end":{"line":1328,"column":77}},"649":{"start":{"line":1332,"column":23},"end":{"line":1332,"column":42}},"650":{"start":{"line":1334,"column":26},"end":{"line":1334,"column":47}},"651":{"start":{"line":1336,"column":26},"end":{"line":1336,"column":39}},"652":{"start":{"line":1338,"column":27},"end":{"line":1338,"column":69}},"653":{"start":{"line":1339,"column":27},"end":{"line":1339,"column":56}},"654":{"start":{"line":1341,"column":18},"end":{"line":1341,"column":19}},"655":{"start":{"line":1342,"column":4},"end":{"line":1344,"column":5}},"656":{"start":{"line":1343,"column":6},"end":{"line":1343,"column":83}},"657":{"start":{"line":1345,"column":22},"end":{"line":1345,"column":66}},"658":{"start":{"line":1348,"column":4},"end":{"line":1348,"column":63}},"659":{"start":{"line":1351,"column":4},"end":{"line":1351,"column":93}},"660":{"start":{"line":1352,"column":4},"end":{"line":1352,"column":82}},"661":{"start":{"line":1353,"column":4},"end":{"line":1353,"column":91}},"662":{"start":{"line":1358,"column":18},"end":{"line":1358,"column":54}},"663":{"start":{"line":1359,"column":18},"end":{"line":1359,"column":54}},"664":{"start":{"line":1360,"column":20},"end":{"line":1360,"column":58}},"665":{"start":{"line":1362,"column":30},"end":{"line":1362,"column":86}},"666":{"start":{"line":1364,"column":4},"end":{"line":1364,"column":39}},"667":{"start":{"line":1364,"column":32},"end":{"line":1364,"column":39}},"668":{"start":{"line":1366,"column":4},"end":{"line":1366,"column":76}},"669":{"start":{"line":1369,"column":26},"end":{"line":1369,"column":75}},"670":{"start":{"line":1370,"column":20},"end":{"line":1370,"column":49}},"671":{"start":{"line":1373,"column":4},"end":{"line":1373,"column":54}},"672":{"start":{"line":1374,"column":4},"end":{"line":1374,"column":54}},"673":{"start":{"line":1375,"column":4},"end":{"line":1375,"column":56}},"674":{"start":{"line":1377,"column":4},"end":{"line":1377,"column":20}},"675":{"start":{"line":1378,"column":4},"end":{"line":1378,"column":24}},"676":{"start":{"line":1379,"column":4},"end":{"line":1379,"column":31}},"677":{"start":{"line":1381,"column":4},"end":{"line":1385,"column":5}},"678":{"start":{"line":1382,"column":6},"end":{"line":1382,"column":61}},"679":{"start":{"line":1384,"column":6},"end":{"line":1384,"column":28}},"680":{"start":{"line":1388,"column":4},"end":{"line":1388,"column":33}},"681":{"start":{"line":1395,"column":24},"end":{"line":1472,"column":1}},"682":{"start":{"line":1397,"column":22},"end":{"line":1397,"column":75}},"683":{"start":{"line":1398,"column":4},"end":{"line":1398,"column":27}},"684":{"start":{"line":1398,"column":20},"end":{"line":1398,"column":27}},"685":{"start":{"line":1401,"column":4},"end":{"line":1401,"column":31}},"686":{"start":{"line":1403,"column":4},"end":{"line":1451,"column":7}},"687":{"start":{"line":1404,"column":22},"end":{"line":1404,"column":55}},"688":{"start":{"line":1405,"column":6},"end":{"line":1405,"column":47}},"689":{"start":{"line":1406,"column":6},"end":{"line":1406,"column":42}},"690":{"start":{"line":1408,"column":21},"end":{"line":1408,"column":50}},"691":{"start":{"line":1409,"column":6},"end":{"line":1409,"column":43}},"692":{"start":{"line":1410,"column":6},"end":{"line":1410,"column":44}},"693":{"start":{"line":1411,"column":6},"end":{"line":1411,"column":52}},"694":{"start":{"line":1412,"column":6},"end":{"line":1412,"column":43}},"695":{"start":{"line":1413,"column":6},"end":{"line":1413,"column":67}},"696":{"start":{"line":1413,"column":29},"end":{"line":1413,"column":66}},"697":{"start":{"line":1414,"column":6},"end":{"line":1419,"column":8}},"698":{"start":{"line":1415,"column":8},"end":{"line":1418,"column":9}},"699":{"start":{"line":1416,"column":10},"end":{"line":1416,"column":29}},"700":{"start":{"line":1417,"column":10},"end":{"line":1417,"column":48}},"701":{"start":{"line":1421,"column":20},"end":{"line":1421,"column":48}},"702":{"start":{"line":1422,"column":6},"end":{"line":1422,"column":34}},"703":{"start":{"line":1424,"column":19},"end":{"line":1424,"column":46}},"704":{"start":{"line":1425,"column":6},"end":{"line":1425,"column":46}},"705":{"start":{"line":1426,"column":6},"end":{"line":1426,"column":55}},"706":{"start":{"line":1427,"column":6},"end":{"line":1427,"column":47}},"707":{"start":{"line":1429,"column":6},"end":{"line":1429,"column":32}},"708":{"start":{"line":1430,"column":6},"end":{"line":1430,"column":31}},"709":{"start":{"line":1432,"column":19},"end":{"line":1432,"column":48}},"710":{"start":{"line":1433,"column":6},"end":{"line":1433,"column":39}},"711":{"start":{"line":1435,"column":22},"end":{"line":1435,"column":51}},"712":{"start":{"line":1436,"column":6},"end":{"line":1436,"column":50}},"713":{"start":{"line":1437,"column":6},"end":{"line":1445,"column":9}},"714":{"start":{"line":1438,"column":19},"end":{"line":1438,"column":49}},"715":{"start":{"line":1439,"column":8},"end":{"line":1439,"column":32}},"716":{"start":{"line":1440,"column":8},"end":{"line":1443,"column":9}},"717":{"start":{"line":1441,"column":10},"end":{"line":1441,"column":39}},"718":{"start":{"line":1442,"column":10},"end":{"line":1442,"column":41}},"719":{"start":{"line":1444,"column":8},"end":{"line":1444,"column":32}},"720":{"start":{"line":1447,"column":6},"end":{"line":1447,"column":32}},"721":{"start":{"line":1448,"column":6},"end":{"line":1448,"column":34}},"722":{"start":{"line":1449,"column":6},"end":{"line":1449,"column":32}},"723":{"start":{"line":1450,"column":6},"end":{"line":1450,"column":37}},"724":{"start":{"line":1453,"column":4},"end":{"line":1453,"column":51}},"725":{"start":{"line":1453,"column":23},"end":{"line":1453,"column":51}},"726":{"start":{"line":1457,"column":19},"end":{"line":1457,"column":55}},"727":{"start":{"line":1460,"column":16},"end":{"line":1460,"column":64}},"728":{"start":{"line":1461,"column":4},"end":{"line":1465,"column":7}},"729":{"start":{"line":1462,"column":6},"end":{"line":1462,"column":33}},"730":{"start":{"line":1463,"column":18},"end":{"line":1463,"column":53}},"731":{"start":{"line":1464,"column":6},"end":{"line":1464,"column":58}},"732":{"start":{"line":1464,"column":15},"end":{"line":1464,"column":58}},"733":{"start":{"line":1467,"column":4},"end":{"line":1470,"column":5}},"734":{"start":{"line":1468,"column":6},"end":{"line":1468,"column":38}},"735":{"start":{"line":1469,"column":6},"end":{"line":1469,"column":53}},"736":{"start":{"line":1475,"column":0},"end":{"line":1479,"column":1}},"737":{"start":{"line":1476,"column":2},"end":{"line":1478,"column":5}},"738":{"start":{"line":1477,"column":4},"end":{"line":1477,"column":15}},"739":{"start":{"line":1482,"column":0},"end":{"line":1484,"column":1}},"740":{"start":{"line":1483,"column":2},"end":{"line":1483,"column":81}}},"fnMap":{"0":{"name":"(anonymous_0)","decl":{"start":{"line":48,"column":13},"end":{"line":48,"column":14}},"loc":{"start":{"line":48,"column":30},"end":{"line":106,"column":3}},"line":48},"1":{"name":"(anonymous_1)","decl":{"start":{"line":153,"column":8},"end":{"line":153,"column":9}},"loc":{"start":{"line":153,"column":19},"end":{"line":167,"column":3}},"line":153},"2":{"name":"(anonymous_2)","decl":{"start":{"line":169,"column":8},"end":{"line":169,"column":9}},"loc":{"start":{"line":169,"column":19},"end":{"line":175,"column":3}},"line":169},"3":{"name":"(anonymous_3)","decl":{"start":{"line":177,"column":9},"end":{"line":177,"column":10}},"loc":{"start":{"line":177,"column":26},"end":{"line":198,"column":3}},"line":177},"4":{"name":"(anonymous_4)","decl":{"start":{"line":220,"column":104},"end":{"line":220,"column":105}},"loc":{"start":{"line":220,"column":111},"end":{"line":220,"column":126}},"line":220},"5":{"name":"(anonymous_5)","decl":{"start":{"line":221,"column":94},"end":{"line":221,"column":95}},"loc":{"start":{"line":221,"column":101},"end":{"line":221,"column":113}},"line":221},"6":{"name":"(anonymous_6)","decl":{"start":{"line":222,"column":87},"end":{"line":222,"column":88}},"loc":{"start":{"line":222,"column":94},"end":{"line":222,"column":106}},"line":222},"7":{"name":"(anonymous_7)","decl":{"start":{"line":223,"column":93},"end":{"line":223,"column":94}},"loc":{"start":{"line":223,"column":100},"end":{"line":223,"column":121}},"line":223},"8":{"name":"(anonymous_8)","decl":{"start":{"line":224,"column":106},"end":{"line":224,"column":107}},"loc":{"start":{"line":224,"column":113},"end":{"line":224,"column":132}},"line":224},"9":{"name":"(anonymous_9)","decl":{"start":{"line":225,"column":104},"end":{"line":225,"column":105}},"loc":{"start":{"line":225,"column":111},"end":{"line":225,"column":124}},"line":225},"10":{"name":"(anonymous_10)","decl":{"start":{"line":287,"column":8},"end":{"line":287,"column":9}},"loc":{"start":{"line":287,"column":19},"end":{"line":308,"column":3}},"line":287},"11":{"name":"(anonymous_11)","decl":{"start":{"line":310,"column":27},"end":{"line":310,"column":28}},"loc":{"start":{"line":310,"column":38},"end":{"line":318,"column":3}},"line":310},"12":{"name":"(anonymous_12)","decl":{"start":{"line":312,"column":39},"end":{"line":312,"column":40}},"loc":{"start":{"line":312,"column":46},"end":{"line":317,"column":5}},"line":312},"13":{"name":"(anonymous_13)","decl":{"start":{"line":320,"column":15},"end":{"line":320,"column":16}},"loc":{"start":{"line":320,"column":33},"end":{"line":355,"column":3}},"line":320},"14":{"name":"(anonymous_14)","decl":{"start":{"line":323,"column":19},"end":{"line":323,"column":20}},"loc":{"start":{"line":323,"column":24},"end":{"line":323,"column":52}},"line":323},"15":{"name":"(anonymous_15)","decl":{"start":{"line":327,"column":25},"end":{"line":327,"column":26}},"loc":{"start":{"line":327,"column":33},"end":{"line":327,"column":64}},"line":327},"16":{"name":"(anonymous_16)","decl":{"start":{"line":328,"column":25},"end":{"line":328,"column":26}},"loc":{"start":{"line":328,"column":33},"end":{"line":331,"column":5}},"line":328},"17":{"name":"(anonymous_17)","decl":{"start":{"line":357,"column":24},"end":{"line":357,"column":25}},"loc":{"start":{"line":357,"column":35},"end":{"line":399,"column":3}},"line":357},"18":{"name":"(anonymous_18)","decl":{"start":{"line":387,"column":41},"end":{"line":387,"column":42}},"loc":{"start":{"line":387,"column":48},"end":{"line":390,"column":5}},"line":387},"19":{"name":"(anonymous_19)","decl":{"start":{"line":388,"column":36},"end":{"line":388,"column":37}},"loc":{"start":{"line":388,"column":41},"end":{"line":388,"column":53}},"line":388},"20":{"name":"(anonymous_20)","decl":{"start":{"line":401,"column":20},"end":{"line":401,"column":21}},"loc":{"start":{"line":401,"column":31},"end":{"line":422,"column":3}},"line":401},"21":{"name":"(anonymous_21)","decl":{"start":{"line":424,"column":19},"end":{"line":424,"column":20}},"loc":{"start":{"line":424,"column":30},"end":{"line":433,"column":3}},"line":424},"22":{"name":"(anonymous_22)","decl":{"start":{"line":435,"column":23},"end":{"line":435,"column":24}},"loc":{"start":{"line":435,"column":34},"end":{"line":455,"column":3}},"line":435},"23":{"name":"(anonymous_23)","decl":{"start":{"line":457,"column":24},"end":{"line":457,"column":25}},"loc":{"start":{"line":457,"column":44},"end":{"line":561,"column":3}},"line":457},"24":{"name":"(anonymous_24)","decl":{"start":{"line":471,"column":20},"end":{"line":471,"column":21}},"loc":{"start":{"line":471,"column":30},"end":{"line":471,"column":43}},"line":471},"25":{"name":"(anonymous_25)","decl":{"start":{"line":563,"column":16},"end":{"line":563,"column":17}},"loc":{"start":{"line":563,"column":36},"end":{"line":654,"column":3}},"line":563},"26":{"name":"(anonymous_26)","decl":{"start":{"line":614,"column":38},"end":{"line":614,"column":39}},"loc":{"start":{"line":614,"column":52},"end":{"line":617,"column":9}},"line":614},"27":{"name":"(anonymous_27)","decl":{"start":{"line":656,"column":19},"end":{"line":656,"column":20}},"loc":{"start":{"line":656,"column":30},"end":{"line":665,"column":3}},"line":656},"28":{"name":"(anonymous_28)","decl":{"start":{"line":667,"column":29},"end":{"line":667,"column":30}},"loc":{"start":{"line":667,"column":52},"end":{"line":679,"column":3}},"line":667},"29":{"name":"(anonymous_29)","decl":{"start":{"line":681,"column":21},"end":{"line":681,"column":22}},"loc":{"start":{"line":681,"column":32},"end":{"line":684,"column":3}},"line":681},"30":{"name":"(anonymous_30)","decl":{"start":{"line":694,"column":13},"end":{"line":694,"column":14}},"loc":{"start":{"line":694,"column":24},"end":{"line":705,"column":3}},"line":694},"31":{"name":"(anonymous_31)","decl":{"start":{"line":707,"column":14},"end":{"line":707,"column":15}},"loc":{"start":{"line":707,"column":25},"end":{"line":710,"column":3}},"line":707},"32":{"name":"(anonymous_32)","decl":{"start":{"line":712,"column":27},"end":{"line":712,"column":28}},"loc":{"start":{"line":712,"column":38},"end":{"line":786,"column":3}},"line":712},"33":{"name":"(anonymous_33)","decl":{"start":{"line":716,"column":27},"end":{"line":716,"column":28}},"loc":{"start":{"line":716,"column":34},"end":{"line":719,"column":7}},"line":716},"34":{"name":"(anonymous_34)","decl":{"start":{"line":725,"column":30},"end":{"line":725,"column":31}},"loc":{"start":{"line":725,"column":37},"end":{"line":728,"column":7}},"line":725},"35":{"name":"(anonymous_35)","decl":{"start":{"line":734,"column":29},"end":{"line":734,"column":30}},"loc":{"start":{"line":734,"column":36},"end":{"line":737,"column":7}},"line":734},"36":{"name":"(anonymous_36)","decl":{"start":{"line":743,"column":27},"end":{"line":743,"column":28}},"loc":{"start":{"line":743,"column":34},"end":{"line":746,"column":7}},"line":743},"37":{"name":"(anonymous_37)","decl":{"start":{"line":752,"column":26},"end":{"line":752,"column":27}},"loc":{"start":{"line":752,"column":33},"end":{"line":755,"column":7}},"line":752},"38":{"name":"(anonymous_38)","decl":{"start":{"line":761,"column":28},"end":{"line":761,"column":29}},"loc":{"start":{"line":761,"column":35},"end":{"line":764,"column":7}},"line":761},"39":{"name":"(anonymous_39)","decl":{"start":{"line":771,"column":27},"end":{"line":771,"column":28}},"loc":{"start":{"line":771,"column":34},"end":{"line":774,"column":7}},"line":771},"40":{"name":"(anonymous_40)","decl":{"start":{"line":781,"column":28},"end":{"line":781,"column":29}},"loc":{"start":{"line":781,"column":35},"end":{"line":784,"column":7}},"line":781},"41":{"name":"(anonymous_41)","decl":{"start":{"line":788,"column":22},"end":{"line":788,"column":23}},"loc":{"start":{"line":788,"column":38},"end":{"line":814,"column":3}},"line":788},"42":{"name":"(anonymous_42)","decl":{"start":{"line":792,"column":18},"end":{"line":792,"column":19}},"loc":{"start":{"line":792,"column":23},"end":{"line":792,"column":53}},"line":792},"43":{"name":"(anonymous_43)","decl":{"start":{"line":816,"column":19},"end":{"line":816,"column":20}},"loc":{"start":{"line":816,"column":35},"end":{"line":831,"column":3}},"line":816},"44":{"name":"(anonymous_44)","decl":{"start":{"line":819,"column":18},"end":{"line":819,"column":19}},"loc":{"start":{"line":819,"column":23},"end":{"line":819,"column":53}},"line":819},"45":{"name":"(anonymous_45)","decl":{"start":{"line":833,"column":22},"end":{"line":833,"column":23}},"loc":{"start":{"line":833,"column":38},"end":{"line":847,"column":3}},"line":833},"46":{"name":"(anonymous_46)","decl":{"start":{"line":836,"column":18},"end":{"line":836,"column":19}},"loc":{"start":{"line":836,"column":23},"end":{"line":836,"column":53}},"line":836},"47":{"name":"(anonymous_47)","decl":{"start":{"line":849,"column":16},"end":{"line":849,"column":17}},"loc":{"start":{"line":849,"column":27},"end":{"line":868,"column":3}},"line":849},"48":{"name":"(anonymous_48)","decl":{"start":{"line":870,"column":23},"end":{"line":870,"column":24}},"loc":{"start":{"line":870,"column":34},"end":{"line":874,"column":3}},"line":870},"49":{"name":"(anonymous_49)","decl":{"start":{"line":876,"column":14},"end":{"line":876,"column":15}},"loc":{"start":{"line":876,"column":34},"end":{"line":888,"column":3}},"line":876},"50":{"name":"(anonymous_50)","decl":{"start":{"line":890,"column":22},"end":{"line":890,"column":23}},"loc":{"start":{"line":890,"column":33},"end":{"line":938,"column":3}},"line":890},"51":{"name":"(anonymous_51)","decl":{"start":{"line":940,"column":15},"end":{"line":940,"column":16}},"loc":{"start":{"line":940,"column":26},"end":{"line":978,"column":3}},"line":940},"52":{"name":"(anonymous_52)","decl":{"start":{"line":980,"column":19},"end":{"line":980,"column":20}},"loc":{"start":{"line":980,"column":30},"end":{"line":1018,"column":3}},"line":980},"53":{"name":"(anonymous_53)","decl":{"start":{"line":1027,"column":18},"end":{"line":1027,"column":19}},"loc":{"start":{"line":1027,"column":32},"end":{"line":1038,"column":3}},"line":1027},"54":{"name":"(anonymous_54)","decl":{"start":{"line":1032,"column":17},"end":{"line":1032,"column":18}},"loc":{"start":{"line":1032,"column":22},"end":{"line":1032,"column":50}},"line":1032},"55":{"name":"(anonymous_55)","decl":{"start":{"line":1040,"column":17},"end":{"line":1040,"column":18}},"loc":{"start":{"line":1040,"column":28},"end":{"line":1134,"column":3}},"line":1040},"56":{"name":"(anonymous_56)","decl":{"start":{"line":1047,"column":42},"end":{"line":1047,"column":43}},"loc":{"start":{"line":1047,"column":47},"end":{"line":1050,"column":5}},"line":1047},"57":{"name":"(anonymous_57)","decl":{"start":{"line":1052,"column":21},"end":{"line":1052,"column":22}},"loc":{"start":{"line":1052,"column":26},"end":{"line":1130,"column":5}},"line":1052},"58":{"name":"(anonymous_58)","decl":{"start":{"line":1073,"column":26},"end":{"line":1073,"column":27}},"loc":{"start":{"line":1073,"column":33},"end":{"line":1073,"column":84}},"line":1073},"59":{"name":"(anonymous_59)","decl":{"start":{"line":1126,"column":23},"end":{"line":1126,"column":24}},"loc":{"start":{"line":1126,"column":29},"end":{"line":1126,"column":62}},"line":1126},"60":{"name":"(anonymous_60)","decl":{"start":{"line":1136,"column":26},"end":{"line":1136,"column":27}},"loc":{"start":{"line":1136,"column":40},"end":{"line":1154,"column":3}},"line":1136},"61":{"name":"(anonymous_61)","decl":{"start":{"line":1156,"column":26},"end":{"line":1156,"column":27}},"loc":{"start":{"line":1156,"column":51},"end":{"line":1182,"column":3}},"line":1156},"62":{"name":"(anonymous_62)","decl":{"start":{"line":1158,"column":42},"end":{"line":1158,"column":43}},"loc":{"start":{"line":1158,"column":47},"end":{"line":1158,"column":59}},"line":1158},"63":{"name":"(anonymous_63)","decl":{"start":{"line":1184,"column":16},"end":{"line":1184,"column":17}},"loc":{"start":{"line":1184,"column":27},"end":{"line":1218,"column":3}},"line":1184},"64":{"name":"(anonymous_64)","decl":{"start":{"line":1191,"column":26},"end":{"line":1191,"column":27}},"loc":{"start":{"line":1191,"column":31},"end":{"line":1215,"column":5}},"line":1191},"65":{"name":"(anonymous_65)","decl":{"start":{"line":1225,"column":8},"end":{"line":1225,"column":9}},"loc":{"start":{"line":1225,"column":19},"end":{"line":1230,"column":3}},"line":1225},"66":{"name":"(anonymous_66)","decl":{"start":{"line":1228,"column":38},"end":{"line":1228,"column":39}},"loc":{"start":{"line":1228,"column":45},"end":{"line":1228,"column":78}},"line":1228},"67":{"name":"(anonymous_67)","decl":{"start":{"line":1232,"column":16},"end":{"line":1232,"column":17}},"loc":{"start":{"line":1232,"column":32},"end":{"line":1301,"column":3}},"line":1232},"68":{"name":"(anonymous_68)","decl":{"start":{"line":1255,"column":32},"end":{"line":1255,"column":33}},"loc":{"start":{"line":1255,"column":37},"end":{"line":1255,"column":59}},"line":1255},"69":{"name":"(anonymous_69)","decl":{"start":{"line":1269,"column":20},"end":{"line":1269,"column":21}},"loc":{"start":{"line":1269,"column":25},"end":{"line":1300,"column":5}},"line":1269},"70":{"name":"(anonymous_70)","decl":{"start":{"line":1308,"column":8},"end":{"line":1308,"column":9}},"loc":{"start":{"line":1308,"column":19},"end":{"line":1318,"column":3}},"line":1308},"71":{"name":"(anonymous_71)","decl":{"start":{"line":1313,"column":35},"end":{"line":1313,"column":36}},"loc":{"start":{"line":1313,"column":42},"end":{"line":1313,"column":61}},"line":1313},"72":{"name":"(anonymous_72)","decl":{"start":{"line":1314,"column":35},"end":{"line":1314,"column":36}},"loc":{"start":{"line":1314,"column":42},"end":{"line":1314,"column":61}},"line":1314},"73":{"name":"(anonymous_73)","decl":{"start":{"line":1315,"column":39},"end":{"line":1315,"column":40}},"loc":{"start":{"line":1315,"column":46},"end":{"line":1315,"column":65}},"line":1315},"74":{"name":"(anonymous_74)","decl":{"start":{"line":1320,"column":16},"end":{"line":1320,"column":17}},"loc":{"start":{"line":1320,"column":27},"end":{"line":1354,"column":3}},"line":1320},"75":{"name":"(anonymous_75)","decl":{"start":{"line":1356,"column":25},"end":{"line":1356,"column":26}},"loc":{"start":{"line":1356,"column":36},"end":{"line":1389,"column":3}},"line":1356},"76":{"name":"(anonymous_76)","decl":{"start":{"line":1396,"column":8},"end":{"line":1396,"column":9}},"loc":{"start":{"line":1396,"column":19},"end":{"line":1454,"column":3}},"line":1396},"77":{"name":"(anonymous_77)","decl":{"start":{"line":1403,"column":32},"end":{"line":1403,"column":33}},"loc":{"start":{"line":1403,"column":44},"end":{"line":1451,"column":5}},"line":1403},"78":{"name":"(anonymous_78)","decl":{"start":{"line":1413,"column":23},"end":{"line":1413,"column":24}},"loc":{"start":{"line":1413,"column":29},"end":{"line":1413,"column":66}},"line":1413},"79":{"name":"(anonymous_79)","decl":{"start":{"line":1414,"column":25},"end":{"line":1414,"column":26}},"loc":{"start":{"line":1414,"column":32},"end":{"line":1419,"column":7}},"line":1414},"80":{"name":"(anonymous_80)","decl":{"start":{"line":1437,"column":23},"end":{"line":1437,"column":24}},"loc":{"start":{"line":1437,"column":28},"end":{"line":1445,"column":7}},"line":1437},"81":{"name":"(anonymous_81)","decl":{"start":{"line":1456,"column":19},"end":{"line":1456,"column":20}},"loc":{"start":{"line":1456,"column":49},"end":{"line":1471,"column":3}},"line":1456},"82":{"name":"(anonymous_82)","decl":{"start":{"line":1461,"column":16},"end":{"line":1461,"column":17}},"loc":{"start":{"line":1461,"column":21},"end":{"line":1465,"column":5}},"line":1461},"83":{"name":"(anonymous_83)","decl":{"start":{"line":1476,"column":48},"end":{"line":1476,"column":49}},"loc":{"start":{"line":1476,"column":54},"end":{"line":1478,"column":3}},"line":1476}},"branchMap":{"0":{"loc":{"start":{"line":52,"column":24},"end":{"line":52,"column":52}},"type":"binary-expr","locations":[{"start":{"line":52,"column":24},"end":{"line":52,"column":47}},{"start":{"line":52,"column":51},"end":{"line":52,"column":52}}],"line":52},"1":{"loc":{"start":{"line":53,"column":24},"end":{"line":53,"column":54}},"type":"binary-expr","locations":[{"start":{"line":53,"column":24},"end":{"line":53,"column":42}},{"start":{"line":53,"column":46},"end":{"line":53,"column":54}}],"line":53},"2":{"loc":{"start":{"line":54,"column":24},"end":{"line":54,"column":59}},"type":"binary-expr","locations":[{"start":{"line":54,"column":24},"end":{"line":54,"column":54}},{"start":{"line":54,"column":58},"end":{"line":54,"column":59}}],"line":54},"3":{"loc":{"start":{"line":57,"column":25},"end":{"line":57,"column":52}},"type":"binary-expr","locations":[{"start":{"line":57,"column":25},"end":{"line":57,"column":47}},{"start":{"line":57,"column":51},"end":{"line":57,"column":52}}],"line":57},"4":{"loc":{"start":{"line":60,"column":26},"end":{"line":60,"column":53}},"type":"binary-expr","locations":[{"start":{"line":60,"column":26},"end":{"line":60,"column":48}},{"start":{"line":60,"column":52},"end":{"line":60,"column":53}}],"line":60},"5":{"loc":{"start":{"line":66,"column":21},"end":{"line":66,"column":52}},"type":"binary-expr","locations":[{"start":{"line":66,"column":21},"end":{"line":66,"column":47}},{"start":{"line":66,"column":51},"end":{"line":66,"column":52}}],"line":66},"6":{"loc":{"start":{"line":67,"column":20},"end":{"line":67,"column":43}},"type":"binary-expr","locations":[{"start":{"line":67,"column":20},"end":{"line":67,"column":38}},{"start":{"line":67,"column":42},"end":{"line":67,"column":43}}],"line":67},"7":{"loc":{"start":{"line":68,"column":25},"end":{"line":68,"column":57}},"type":"binary-expr","locations":[{"start":{"line":68,"column":25},"end":{"line":68,"column":52}},{"start":{"line":68,"column":56},"end":{"line":68,"column":57}}],"line":68},"8":{"loc":{"start":{"line":81,"column":21},"end":{"line":81,"column":47}},"type":"binary-expr","locations":[{"start":{"line":81,"column":21},"end":{"line":81,"column":36}},{"start":{"line":81,"column":40},"end":{"line":81,"column":47}}],"line":81},"9":{"loc":{"start":{"line":82,"column":26},"end":{"line":82,"column":70}},"type":"binary-expr","locations":[{"start":{"line":82,"column":26},"end":{"line":82,"column":48}},{"start":{"line":82,"column":52},"end":{"line":82,"column":70}}],"line":82},"10":{"loc":{"start":{"line":84,"column":26},"end":{"line":84,"column":54}},"type":"binary-expr","locations":[{"start":{"line":84,"column":26},"end":{"line":84,"column":49}},{"start":{"line":84,"column":53},"end":{"line":84,"column":54}}],"line":84},"11":{"loc":{"start":{"line":85,"column":30},"end":{"line":85,"column":82}},"type":"binary-expr","locations":[{"start":{"line":85,"column":30},"end":{"line":85,"column":73}},{"start":{"line":85,"column":77},"end":{"line":85,"column":82}}],"line":85},"12":{"loc":{"start":{"line":87,"column":23},"end":{"line":87,"column":52}},"type":"binary-expr","locations":[{"start":{"line":87,"column":23},"end":{"line":87,"column":47}},{"start":{"line":87,"column":51},"end":{"line":87,"column":52}}],"line":87},"13":{"loc":{"start":{"line":88,"column":27},"end":{"line":88,"column":73}},"type":"binary-expr","locations":[{"start":{"line":88,"column":27},"end":{"line":88,"column":64}},{"start":{"line":88,"column":68},"end":{"line":88,"column":73}}],"line":88},"14":{"loc":{"start":{"line":93,"column":24},"end":{"line":93,"column":56}},"type":"binary-expr","locations":[{"start":{"line":93,"column":24},"end":{"line":93,"column":43}},{"start":{"line":93,"column":47},"end":{"line":93,"column":56}}],"line":93},"15":{"loc":{"start":{"line":94,"column":25},"end":{"line":94,"column":58}},"type":"binary-expr","locations":[{"start":{"line":94,"column":25},"end":{"line":94,"column":53}},{"start":{"line":94,"column":57},"end":{"line":94,"column":58}}],"line":94},"16":{"loc":{"start":{"line":156,"column":6},"end":{"line":163,"column":7}},"type":"if","locations":[{"start":{"line":156,"column":6},"end":{"line":163,"column":7}},{"start":{},"end":{}}],"line":156},"17":{"loc":{"start":{"line":192,"column":26},"end":{"line":192,"column":72}},"type":"binary-expr","locations":[{"start":{"line":192,"column":26},"end":{"line":192,"column":52}},{"start":{"line":192,"column":56},"end":{"line":192,"column":72}}],"line":192},"18":{"loc":{"start":{"line":293,"column":4},"end":{"line":297,"column":5}},"type":"if","locations":[{"start":{"line":293,"column":4},"end":{"line":297,"column":5}},{"start":{"line":295,"column":11},"end":{"line":297,"column":5}}],"line":293},"19":{"loc":{"start":{"line":313,"column":6},"end":{"line":316,"column":7}},"type":"if","locations":[{"start":{"line":313,"column":6},"end":{"line":316,"column":7}},{"start":{},"end":{}}],"line":313},"20":{"loc":{"start":{"line":330,"column":6},"end":{"line":330,"column":58}},"type":"if","locations":[{"start":{"line":330,"column":6},"end":{"line":330,"column":58}},{"start":{},"end":{}}],"line":330},"21":{"loc":{"start":{"line":335,"column":4},"end":{"line":335,"column":29}},"type":"if","locations":[{"start":{"line":335,"column":4},"end":{"line":335,"column":29}},{"start":{},"end":{}}],"line":335},"22":{"loc":{"start":{"line":345,"column":4},"end":{"line":349,"column":5}},"type":"if","locations":[{"start":{"line":345,"column":4},"end":{"line":349,"column":5}},{"start":{},"end":{}}],"line":345},"23":{"loc":{"start":{"line":348,"column":6},"end":{"line":348,"column":57}},"type":"if","locations":[{"start":{"line":348,"column":6},"end":{"line":348,"column":57}},{"start":{},"end":{}}],"line":348},"24":{"loc":{"start":{"line":352,"column":4},"end":{"line":354,"column":5}},"type":"if","locations":[{"start":{"line":352,"column":4},"end":{"line":354,"column":5}},{"start":{},"end":{}}],"line":352},"25":{"loc":{"start":{"line":369,"column":4},"end":{"line":369,"column":105}},"type":"if","locations":[{"start":{"line":369,"column":4},"end":{"line":369,"column":105}},{"start":{},"end":{}}],"line":369},"26":{"loc":{"start":{"line":370,"column":4},"end":{"line":370,"column":99}},"type":"if","locations":[{"start":{"line":370,"column":4},"end":{"line":370,"column":99}},{"start":{},"end":{}}],"line":370},"27":{"loc":{"start":{"line":372,"column":4},"end":{"line":375,"column":5}},"type":"if","locations":[{"start":{"line":372,"column":4},"end":{"line":375,"column":5}},{"start":{},"end":{}}],"line":372},"28":{"loc":{"start":{"line":376,"column":4},"end":{"line":378,"column":5}},"type":"if","locations":[{"start":{"line":376,"column":4},"end":{"line":378,"column":5}},{"start":{},"end":{}}],"line":376},"29":{"loc":{"start":{"line":380,"column":4},"end":{"line":380,"column":72}},"type":"if","locations":[{"start":{"line":380,"column":4},"end":{"line":380,"column":72}},{"start":{},"end":{}}],"line":380},"30":{"loc":{"start":{"line":389,"column":6},"end":{"line":389,"column":35}},"type":"if","locations":[{"start":{"line":389,"column":6},"end":{"line":389,"column":35}},{"start":{},"end":{}}],"line":389},"31":{"loc":{"start":{"line":392,"column":4},"end":{"line":392,"column":77}},"type":"if","locations":[{"start":{"line":392,"column":4},"end":{"line":392,"column":77}},{"start":{},"end":{}}],"line":392},"32":{"loc":{"start":{"line":396,"column":4},"end":{"line":398,"column":5}},"type":"if","locations":[{"start":{"line":396,"column":4},"end":{"line":398,"column":5}},{"start":{},"end":{}}],"line":396},"33":{"loc":{"start":{"line":405,"column":4},"end":{"line":420,"column":5}},"type":"if","locations":[{"start":{"line":405,"column":4},"end":{"line":420,"column":5}},{"start":{"line":407,"column":11},"end":{"line":420,"column":5}}],"line":405},"34":{"loc":{"start":{"line":413,"column":6},"end":{"line":419,"column":7}},"type":"if","locations":[{"start":{"line":413,"column":6},"end":{"line":419,"column":7}},{"start":{"line":416,"column":13},"end":{"line":419,"column":7}}],"line":413},"35":{"loc":{"start":{"line":416,"column":13},"end":{"line":419,"column":7}},"type":"if","locations":[{"start":{"line":416,"column":13},"end":{"line":419,"column":7}},{"start":{},"end":{}}],"line":416},"36":{"loc":{"start":{"line":426,"column":4},"end":{"line":432,"column":5}},"type":"if","locations":[{"start":{"line":426,"column":4},"end":{"line":432,"column":5}},{"start":{},"end":{}}],"line":426},"37":{"loc":{"start":{"line":436,"column":4},"end":{"line":436,"column":45}},"type":"if","locations":[{"start":{"line":436,"column":4},"end":{"line":436,"column":45}},{"start":{},"end":{}}],"line":436},"38":{"loc":{"start":{"line":459,"column":4},"end":{"line":459,"column":31}},"type":"if","locations":[{"start":{"line":459,"column":4},"end":{"line":459,"column":31}},{"start":{},"end":{}}],"line":459},"39":{"loc":{"start":{"line":496,"column":4},"end":{"line":502,"column":5}},"type":"if","locations":[{"start":{"line":496,"column":4},"end":{"line":502,"column":5}},{"start":{"line":498,"column":11},"end":{"line":502,"column":5}}],"line":496},"40":{"loc":{"start":{"line":498,"column":11},"end":{"line":502,"column":5}},"type":"if","locations":[{"start":{"line":498,"column":11},"end":{"line":502,"column":5}},{"start":{"line":500,"column":11},"end":{"line":502,"column":5}}],"line":498},"41":{"loc":{"start":{"line":511,"column":4},"end":{"line":555,"column":5}},"type":"if","locations":[{"start":{"line":511,"column":4},"end":{"line":555,"column":5}},{"start":{"line":533,"column":11},"end":{"line":555,"column":5}}],"line":511},"42":{"loc":{"start":{"line":560,"column":4},"end":{"line":560,"column":51}},"type":"if","locations":[{"start":{"line":560,"column":4},"end":{"line":560,"column":51}},{"start":{},"end":{}}],"line":560},"43":{"loc":{"start":{"line":564,"column":4},"end":{"line":564,"column":30}},"type":"if","locations":[{"start":{"line":564,"column":4},"end":{"line":564,"column":30}},{"start":{},"end":{}}],"line":564},"44":{"loc":{"start":{"line":568,"column":4},"end":{"line":597,"column":5}},"type":"if","locations":[{"start":{"line":568,"column":4},"end":{"line":597,"column":5}},{"start":{},"end":{}}],"line":568},"45":{"loc":{"start":{"line":569,"column":6},"end":{"line":569,"column":53}},"type":"if","locations":[{"start":{"line":569,"column":6},"end":{"line":569,"column":53}},{"start":{},"end":{}}],"line":569},"46":{"loc":{"start":{"line":601,"column":4},"end":{"line":653,"column":5}},"type":"if","locations":[{"start":{"line":601,"column":4},"end":{"line":653,"column":5}},{"start":{},"end":{}}],"line":601},"47":{"loc":{"start":{"line":602,"column":6},"end":{"line":602,"column":55}},"type":"if","locations":[{"start":{"line":602,"column":6},"end":{"line":602,"column":55}},{"start":{},"end":{}}],"line":602},"48":{"loc"
[...]
:4},"end":{"line":882,"column":5}},{"start":{},"end":{}}],"line":879},"73":{"loc":{"start":{"line":884,"column":4},"end":{"line":887,"column":5}},"type":"if","locations":[{"start":{"line":884,"column":4},"end":{"line":887,"column":5}},{"start":{},"end":{}}],"line":884},"74":{"loc":{"start":{"line":884,"column":8},"end":{"line":884,"column":44}},"type":"binary-expr","locations":[{"start":{"line":884,"column":8},"end":{"line":884,"column":17}},{"start":{"line":884,"column":21},"end":{"line":884,"column":44}}],"line":884},"75":{"loc":{"start":{"line":897,"column":6},"end":{"line":908,"column":7}},"type":"if","locations":[{"start":{"line":897,"column":6},"end":{"line":908,"column":7}},{"start":{},"end":{}}],"line":897},"76":{"loc":{"start":{"line":898,"column":8},"end":{"line":907,"column":9}},"type":"if","locations":[{"start":{"line":898,"column":8},"end":{"line":907,"column":9}},{"start":{"line":901,"column":15},"end":{"line":907,"column":9}}],"line":898},"77":{"loc":{"start":{"line":901,"column":15},"end":{"line":907,"column":9}},"type":"if","locations":[{"start":{"line":901,"column":15},"end":{"line":907,"column":9}},{"start":{"line":904,"column":15},"end":{"line":907,"column":9}}],"line":901},"78":{"loc":{"start":{"line":910,"column":6},"end":{"line":916,"column":7}},"type":"if","locations":[{"start":{"line":910,"column":6},"end":{"line":916,"column":7}},{"start":{},"end":{}}],"line":910},"79":{"loc":{"start":{"line":911,"column":8},"end":{"line":915,"column":9}},"type":"if","locations":[{"start":{"line":911,"column":8},"end":{"line":915,"column":9}},{"start":{"line":913,"column":15},"end":{"line":915,"column":9}}],"line":911},"80":{"loc":{"start":{"line":927,"column":4},"end":{"line":931,"column":5}},"type":"if","locations":[{"start":{"line":927,"column":4},"end":{"line":931,"column":5}},{"start":{"line":929,"column":11},"end":{"line":931,"column":5}}],"line":927},"81":{"loc":{"start":{"line":933,"column":4},"end":{"line":937,"column":5}},"type":"if","locations":[{"start":{"line":933,"column":4},"end":{"line":937,"column":5}},{"start":{"line":935,"column":11},"end":{"line":937,"column":5}}],"line":933},"82":{"loc":{"start":{"line":957,"column":22},"end":{"line":957,"column":87}},"type":"cond-expr","locations":[{"start":{"line":957,"column":47},"end":{"line":957,"column":66}},{"start":{"line":957,"column":69},"end":{"line":957,"column":87}}],"line":957},"83":{"loc":{"start":{"line":965,"column":4},"end":{"line":965,"column":66}},"type":"if","locations":[{"start":{"line":965,"column":4},"end":{"line":965,"column":66}},{"start":{},"end":{}}],"line":965},"84":{"loc":{"start":{"line":970,"column":4},"end":{"line":974,"column":5}},"type":"if","locations":[{"start":{"line":970,"column":4},"end":{"line":974,"column":5}},{"start":{"line":972,"column":11},"end":{"line":974,"column":5}}],"line":970},"85":{"loc":{"start":{"line":1012,"column":4},"end":{"line":1012,"column":66}},"type":"if","locations":[{"start":{"line":1012,"column":4},"end":{"line":1012,"column":66}},{"start":{},"end":{}}],"line":1012},"86":{"loc":{"start":{"line":1035,"column":4},"end":{"line":1035,"column":53}},"type":"if","locations":[{"start":{"line":1035,"column":4},"end":{"line":1035,"column":53}},{"start":{},"end":{}}],"line":1035},"87":{"loc":{"start":{"line":1042,"column":4},"end":{"line":1042,"column":22}},"type":"if","locations":[{"start":{"line":1042,"column":4},"end":{"line":1042,"column":22}},{"start":{},"end":{}}],"line":1042},"88":{"loc":{"start":{"line":1048,"column":6},"end":{"line":1048,"column":60}},"type":"if","locations":[{"start":{"line":1048,"column":6},"end":{"line":1048,"column":60}},{"start":{},"end":{}}],"line":1048},"89":{"loc":{"start":{"line":1058,"column":43},"end":{"line":1058,"column":71}},"type":"cond-expr","locations":[{"start":{"line":1058,"column":57},"end":{"line":1058,"column":66}},{"start":{"line":1058,"column":69},"end":{"line":1058,"column":71}}],"line":1058},"90":{"loc":{"start":{"line":1125,"column":27},"end":{"line":1125,"column":61}},"type":"cond-expr","locations":[{"start":{"line":1125,"column":41},"end":{"line":1125,"column":50}},{"start":{"line":1125,"column":53},"end":{"line":1125,"column":61}}],"line":1125},"91":{"loc":{"start":{"line":1133,"column":4},"end":{"line":1133,"column":51}},"type":"if","locations":[{"start":{"line":1133,"column":4},"end":{"line":1133,"column":51}},{"start":{},"end":{}}],"line":1133},"92":{"loc":{"start":{"line":1140,"column":4},"end":{"line":1148,"column":5}},"type":"if","locations":[{"start":{"line":1140,"column":4},"end":{"line":1148,"column":5}},{"start":{"line":1143,"column":11},"end":{"line":1148,"column":5}}],"line":1140},"93":{"loc":{"start":{"line":1147,"column":6},"end":{"line":1147,"column":78}},"type":"if","locations":[{"start":{"line":1147,"column":6},"end":{"line":1147,"column":78}},{"start":{},"end":{}}],"line":1147},"94":{"loc":{"start":{"line":1159,"column":4},"end":{"line":1159,"column":28}},"type":"if","locations":[{"start":{"line":1159,"column":4},"end":{"line":1159,"column":28}},{"start":{},"end":{}}],"line":1159},"95":{"loc":{"start":{"line":1163,"column":4},"end":{"line":1177,"column":5}},"type":"if","locations":[{"start":{"line":1163,"column":4},"end":{"line":1177,"column":5}},{"start":{"line":1173,"column":11},"end":{"line":1177,"column":5}}],"line":1163},"96":{"loc":{"start":{"line":1163,"column":8},"end":{"line":1163,"column":33}},"type":"binary-expr","locations":[{"start":{"line":1163,"column":8},"end":{"line":1163,"column":17}},{"start":{"line":1163,"column":21},"end":{"line":1163,"column":33}}],"line":1163},"97":{"loc":{"start":{"line":1168,"column":6},"end":{"line":1172,"column":7}},"type":"if","locations":[{"start":{"line":1168,"column":6},"end":{"line":1172,"column":7}},{"start":{"line":1170,"column":13},"end":{"line":1172,"column":7}}],"line":1168},"98":{"loc":{"start":{"line":1173,"column":11},"end":{"line":1177,"column":5}},"type":"if","locations":[{"start":{"line":1173,"column":11},"end":{"line":1177,"column":5}},{"start":{},"end":{}}],"line":1173},"99":{"loc":{"start":{"line":1173,"column":15},"end":{"line":1173,"column":41}},"type":"binary-expr","locations":[{"start":{"line":1173,"column":15},"end":{"line":1173,"column":25}},{"start":{"line":1173,"column":29},"end":{"line":1173,"column":41}}],"line":1173},"100":{"loc":{"start":{"line":1186,"column":4},"end":{"line":1186,"column":27}},"type":"if","locations":[{"start":{"line":1186,"column":4},"end":{"line":1186,"column":27}},{"start":{},"end":{}}],"line":1186},"101":{"loc":{"start":{"line":1195,"column":42},"end":{"line":1195,"column":70}},"type":"cond-expr","locations":[{"start":{"line":1195,"column":55},"end":{"line":1195,"column":65}},{"start":{"line":1195,"column":68},"end":{"line":1195,"column":70}}],"line":1195},"102":{"loc":{"start":{"line":1217,"column":4},"end":{"line":1217,"column":51}},"type":"if","locations":[{"start":{"line":1217,"column":4},"end":{"line":1217,"column":51}},{"start":{},"end":{}}],"line":1217},"103":{"loc":{"start":{"line":1227,"column":4},"end":{"line":1229,"column":5}},"type":"if","locations":[{"start":{"line":1227,"column":4},"end":{"line":1229,"column":5}},{"start":{},"end":{}}],"line":1227},"104":{"loc":{"start":{"line":1234,"column":4},"end":{"line":1234,"column":27}},"type":"if","locations":[{"start":{"line":1234,"column":4},"end":{"line":1234,"column":27}},{"start":{},"end":{}}],"line":1234},"105":{"loc":{"start":{"line":1238,"column":4},"end":{"line":1248,"column":5}},"type":"if","locations":[{"start":{"line":1238,"column":4},"end":{"line":1248,"column":5}},{"start":{},"end":{}}],"line":1238},"106":{"loc":{"start":{"line":1257,"column":4},"end":{"line":1266,"column":5}},"type":"if","locations":[{"start":{"line":1257,"column":4},"end":{"line":1266,"column":5}},{"start":{},"end":{}}],"line":1257},"107":{"loc":{"start":{"line":1313,"column":4},"end":{"line":1313,"column":62}},"type":"if","locations":[{"start":{"line":1313,"column":4},"end":{"line":1313,"column":62}},{"start":{},"end":{}}],"line":1313},"108":{"loc":{"start":{"line":1314,"column":4},"end":{"line":1314,"column":62}},"type":"if","locations":[{"start":{"line":1314,"column":4},"end":{"line":1314,"column":62}},{"start":{},"end":{}}],"line":1314},"109":{"loc":{"start":{"line":1315,"column":4},"end":{"line":1315,"column":66}},"type":"if","locations":[{"start":{"line":1315,"column":4},"end":{"line":1315,"column":66}},{"start":{},"end":{}}],"line":1315},"110":{"loc":{"start":{"line":1321,"column":18},"end":{"line":1321,"column":76}},"type":"binary-expr","locations":[{"start":{"line":1321,"column":18},"end":{"line":1321,"column":71}},{"start":{"line":1321,"column":75},"end":{"line":1321,"column":76}}],"line":1321},"111":{"loc":{"start":{"line":1322,"column":18},"end":{"line":1322,"column":76}},"type":"binary-expr","locations":[{"start":{"line":1322,"column":18},"end":{"line":1322,"column":71}},{"start":{"line":1322,"column":75},"end":{"line":1322,"column":76}}],"line":1322},"112":{"loc":{"start":{"line":1323,"column":20},"end":{"line":1323,"column":80}},"type":"binary-expr","locations":[{"start":{"line":1323,"column":20},"end":{"line":1323,"column":75}},{"start":{"line":1323,"column":79},"end":{"line":1323,"column":80}}],"line":1323},"113":{"loc":{"start":{"line":1342,"column":4},"end":{"line":1344,"column":5}},"type":"if","locations":[{"start":{"line":1342,"column":4},"end":{"line":1344,"column":5}},{"start":{},"end":{}}],"line":1342},"114":{"loc":{"start":{"line":1364,"column":4},"end":{"line":1364,"column":39}},"type":"if","locations":[{"start":{"line":1364,"column":4},"end":{"line":1364,"column":39}},{"start":{},"end":{}}],"line":1364},"115":{"loc":{"start":{"line":1381,"column":4},"end":{"line":1385,"column":5}},"type":"if","locations":[{"start":{"line":1381,"column":4},"end":{"line":1385,"column":5}},{"start":{"line":1383,"column":11},"end":{"line":1385,"column":5}}],"line":1381},"116":{"loc":{"start":{"line":1398,"column":4},"end":{"line":1398,"column":27}},"type":"if","locations":[{"start":{"line":1398,"column":4},"end":{"line":1398,"column":27}},{"start":{},"end":{}}],"line":1398},"117":{"loc":{"start":{"line":1415,"column":8},"end":{"line":1418,"column":9}},"type":"if","locations":[{"start":{"line":1415,"column":8},"end":{"line":1418,"column":9}},{"start":{},"end":{}}],"line":1415},"118":{"loc":{"start":{"line":1415,"column":12},"end":{"line":1415,"column":46}},"type":"binary-expr","locations":[{"start":{"line":1415,"column":12},"end":{"line":1415,"column":29}},{"start":{"line":1415,"column":33},"end":{"line":1415,"column":46}}],"line":1415},"119":{"loc":{"start":{"line":1440,"column":8},"end":{"line":1443,"column":9}},"type":"if","locations":[{"start":{"line":1440,"column":8},"end":{"line":1443,"column":9}},{"start":{},"end":{}}],"line":1440},"120":{"loc":{"start":{"line":1453,"column":4},"end":{"line":1453,"column":51}},"type":"if","locations":[{"start":{"line":1453,"column":4},"end":{"line":1453,"column":51}},{"start":{},"end":{}}],"line":1453},"121":{"loc":{"start":{"line":1464,"column":6},"end":{"line":1464,"column":58}},"type":"if","locations":[{"start":{"line":1464,"column":6},"end":{"line":1464,"column":58}},{"start":{},"end":{}}],"line":1464},"122":{"loc":{"start":{"line":1467,"column":4},"end":{"line":1470,"column":5}},"type":"if","locations":[{"start":{"line":1467,"column":4},"end":{"line":1470,"column":5}},{"start":{},"end":{}}],"line":1467},"123":{"loc":{"start":{"line":1475,"column":0},"end":{"line":1479,"column":1}},"type":"if","locations":[{"start":{"line":1475,"column":0},"end":{"line":1479,"column":1}},{"start":{},"end":{}}],"line":1475},"124":{"loc":{"start":{"line":1482,"column":0},"end":{"line":1484,"column":1}},"type":"if","locations":[{"start":{"line":1482,"column":0},"end":{"line":1484,"column":1}},{"start":{},"end":{}}],"line":1482},"125":{"loc":{"start":{"line":1482,"column":4},"end":{"line":1482,"column":51}},"type":"binary-expr","locations":[{"start":{"line":1482,"column":4},"end":{"line":1482,"column":33}},{"start":{"line":1482,"column":37},"end":{"line":1482,"column":51}}],"line":1482}},"s":{"0":2,"1":3,"2":3,"3":3,"4":3,"5":3,"6":3,"7":3,"8":3,"9":3,"10":3,"11":3,"12":3,"13":3,"14":3,"15":3,"16":3,"17":3,"18":3,"19":3,"20":3,"21":3,"22":3,"23":3,"24":3,"25":3,"26":3,"27":3,"28":3,"29":3,"30":3,"31":3,"32":2,"33":2,"34":2,"35":2,"36":2,"37":1,"38":1,"39":1,"40":1,"41":1,"42":1,"43":1,"44":0,"45":0,"46":0,"47":0,"48":0,"49":0,"50":0,"51":0,"52":2,"53":2,"54":0,"55":0,"56":0,"57":0,"58":0,"59":0,"60":2,"61":2,"62":2,"63":0,"64":0,"65":0,"66":0,"67":0,"68":0,"69":0,"70":0,"71":0,"72":0,"73":0,"74":0,"75":0,"76":0,"77":0,"78":0,"79":0,"80":0,"81":0,"82":0,"83":0,"84":0,"85":0,"86":0,"87":0,"88":0,"89":0,"90":0,"91":0,"92":0,"93":0,"94":0,"95":0,"96":0,"97":0,"98":0,"99":0,"100":0,"101":0,"102":0,"103":0,"104":0,"105":0,"106":0,"107":0,"108":0,"109":0,"110":0,"111":0,"112":0,"113":0,"114":0,"115":0,"116":0,"117":0,"118":0,"119":0,"120":0,"121":0,"122":0,"123":0,"124":0,"125":0,"126":0,"127":0,"128":0,"129":0,"130":0,"131":0,"132":0,"133":0,"134":0,"135":0,"136":0,"137":0,"138":0,"139":0,"140":0,"141":0,"142":0,"143":0,"144":0,"145":0,"146":0,"147":0,"148":0,"149":0,"150":0,"151":0,"152":0,"153":0,"154":0,"155":0,"156":0,"157":0,"158":0,"159":0,"160":0,"161":0,"162":0,"163":0,"164":0,"165":0,"166":0,"167":0,"168":0,"169":0,"170":0,"171":0,"172":0,"173":0,"174":0,"175":0,"176":0,"177":0,"178":0,"179":0,"180":0,"181":0,"182":0,"183":0,"184":0,"185":0,"186":0,"187":0,"188":0,"189":0,"190":0,"191":0,"192":0,"193":0,"194":0,"195":0,"196":0,"197":0,"198":0,"199":0,"200":0,"201":0,"202":0,"203":0,"204":0,"205":0,"206":0,"207":0,"208":0,"209":0,"210":0,"211":0,"212":0,"213":0,"214":0,"215":0,"216":0,"217":0,"218":0,"219":0,"220":0,"221":0,"222":0,"223":0,"224":0,"225":0,"226":0,"227":0,"228":0,"229":0,"230":0,"231":0,"232":0,"233":0,"234":0,"235":0,"236":0,"237":0,"238":0,"239":0,"240":0,"241":0,"242":0,"243":0,"244":0,"245":0,"246":0,"247":0,"248":0,"249":0,"250":0,"251":0,"252":0,"253":0,"254":0,"255":0,"256":0,"257":0,"258":0,"259":0,"260":0,"261":0,"262":0,"263":0,"264":0,"265":0,"266":0,"267":0,"268":0,"269":0,"270":0,"271":0,"272":0,"273":0,"274":2,"275":0,"276":0,"277":0,"278":0,"279":0,"280":0,"281":0,"282":0,"283":0,"284":0,"285":0,"286":0,"287":0,"288":0,"289":0,"290":0,"291":0,"292":0,"293":0,"294":0,"295":0,"296":0,"297":0,"298":0,"299":0,"300":0,"301":0,"302":0,"303":0,"304":0,"305":0,"306":0,"307":0,"308":0,"309":0,"310":0,"311":0,"312":0,"313":0,"314":0,"315":0,"316":0,"317":0,"318":0,"319":0,"320":0,"321":0,"322":0,"323":0,"324":0,"325":0,"326":0,"327":0,"328":0,"329":0,"330":0,"331":0,"332":0,"333":0,"334":0,"335":0,"336":0,"337":0,"338":0,"339":0,"340":0,"341":0,"342":0,"343":0,"344":0,"345":0,"346":0,"347":0,"348":0,"349":0,"350":0,"351":0,"352":0,"353":0,"354":0,"355":0,"356":0,"357":0,"358":0,"359":0,"360":0,"361":0,"362":0,"363":0,"364":0,"365":0,"366":0,"367":0,"368":0,"369":0,"370":0,"371":0,"372":0,"373":0,"374":0,"375":0,"376":0,"377":0,"378":0,"379":0,"380":0,"381":0,"382":0,"383":0,"384":0,"385":0,"386":0,"387":0,"388":0,"389":0,"390":0,"391":0,"392":0,"393":0,"394":0,"395":0,"396":0,"397":0,"398":0,"399":0,"400":0,"401":0,"402":0,"403":0,"404":0,"405":0,"406":0,"407":0,"408":0,"409":0,"410":0,"411":0,"412":0,"413":0,"414":0,"415":0,"416":0,"417":0,"418":0,"419":0,"420":0,"421":0,"422":0,"423":0,"424":0,"425":0,"426":0,"427":0,"428":0,"429":0,"430":0,"431":0,"432":0,"433":0,"434":0,"435":0,"436":2,"437":0,"438":0,"439":0,"440":0,"441":0,"442":0,"443":0,"444":0,"445":0,"446":0,"447":0,"448":0,"449":0,"450":0,"451":0,"452":0,"453":0,"454":0,"455":0,"456":0,"457":0,"458":0,"459":0,"460":0,"461":0,"462":0,"463":0,"464":0,"465":0,"466":0,"467":0,"468":0,"469":0,"470":0,"471":0,"472":0,"473":0,"474":0,"475":0,"476":0,"477":0,"478":0,"479":0,"480":0,"481":0,"482":0,"483":0,"484":0,"485":0,"486":0,"487":0,"488":0,"489":0,"490":0,"491":0,"492":0,"493":0,"494":0,"495":0,"496":0,"497":0,"498":0,"499":0,"500":0,"501":0,"502":0,"503":0,"504":0,"505":0,"506":0,"507":0,"508":0,"509":0,"510":0,"511":0,"512":0,"513":0,"514":0,"515":0,"516":0,"517":0,"518":0,"519":0,"520":0,"521":0,"522":0,"523":0,"524":0,"525":0,"526":0,"527":0,"528":0,"529":0,"530":0,"531":0,"532":0,"533":0,"534":0,"535":0,"536":0,"537":0,"538":0,"539":0,"540":0,"541":0,"542":0,"543":0,"544":0,"545":0,"546":0,"547":0,"548":0,"549":0,"550":0,"551":0,"552":0,"553":0,"554":0,"555":0,"556":0,"557":0,"558":0,"559":0,"560":0,"561":0,"562":0,"563":0,"564":0,"565":0,"566":0,"567":0,"568":0,"569":0,"570":0,"571":0,"572":0,"573":2,"574":0,"575":0,"576":0,"577":0,"578":0,"579":0,"580":0,"581":0,"582":0,"583":0,"584":0,"585":0,"586":0,"587":0,"588":0,"589":0,"590":0,"591":0,"592":0,"593":0,"594":0,"595":0,"596":0,"597":0,"598":0,"599":0,"600":0,"601":0,"602":0,"603":0,"604":0,"605":0,"606":0,"607":0,"608":0,"609":0,"610":0,"611":0,"612":0,"613":0,"614":0,"615":0,"616":0,"617":0,"618":0,"619":0,"620":0,"621":0,"622":0,"623":0,"624":0,"625":0,"626":0,"627":0,"628":0,"629":2,"630":0,"631":0,"632":0,"633":0,"634":0,"635":0,"636":0,"637":0,"638":0,"639":0,"640":0,"641":0,"642":0,"643":0,"644":0,"645":0,"646":0,"647":0,"648":0,"649":0,"650":0,"651":0,"652":0,"653":0,"654":0,"655":0,"656":0,"657":0,"658":0,"659":0,"660":0,"661":0,"662":0,"663":0,"664":0,"665":0,"666":0,"667":0,"668":0,"669":0,"670":0,"671":0,"672":0,"673":0,"674":0,"675":0,"676":0,"677":0,"678":0,"679":0,"680":0,"681":2,"682":0,"683":0,"684":0,"685":0,"686":0,"687":0,"688":0,"689":0,"690":0,"691":0,"692":0,"693":0,"694":0,"695":0,"696":0,"697":0,"698":0,"699":0,"700":0,"701":0,"702":0,"703":0,"704":0,"705":0,"706":0,"707":0,"708":0,"709":0,"710":0,"711":0,"712":0,"713":0,"714":0,"715":0,"716":0,"717":0,"718":0,"719":0,"720":0,"721":0,"722":0,"723":0,"724":0,"725":0,"726":0,"727":0,"728":0,"729":0,"730":0,"731":0,"732":0,"733":0,"734":0,"735":0,"736":2,"737":0,"738":0,"739":2,"740":2},"f":{"0":3,"1":2,"2":1,"3":0,"4":0,"5":0,"6":0,"7":0,"8":0,"9":0,"10":0,"11":0,"12":0,"13":0,"14":0,"15":0,"16":0,"17":0,"18":0,"19":0,"20":0,"21":0,"22":0,"23":0,"24":0,"25":0,"26":0,"27":0,"28":0,"29":0,"30":0,"31":0,"32":0,"33":0,"34":0,"35":0,"36":0,"37":0,"38":0,"39":0,"40":0,"41":0,"42":0,"43":0,"44":0,"45":0,"46":0,"47":0,"48":0,"49":0,"50":0,"51":0,"52":0,"53":0,"54":0,"55":0,"56":0,"57":0,"58":0,"59":0,"60":0,"61":0,"62":0,"63":0,"64":0,"65":0,"66":0,"67":0,"68":0,"69":0,"70":0,"71":0,"72":0,"73":0,"74":0,"75":0,"76":0,"77":0,"78":0,"79":0,"80":0,"81":0,"82":0,"83":0},"b":{"0":[3,1],"1":[3,0],"2":[3,1],"3":[3,2],"4":[3,2],"5":[3,1],"6":[3,2],"7":[3,2],"8":[3,0],"9":[3,0],"10":[3,1],"11":[3,0],"12":[3,1],"13":[3,0],"14":[3,0],"15":[3,1],"16":[2,0],"17":[0,0],"18":[0,0],"19":[0,0],"20":[0,0],"21":[0,0],"22":[0,0],"23":[0,0],"24":[0,0],"25":[0,0],"26":[0,0],"27":[0,0],"28":[0,0],"29":[0,0],"30":[0,0],"31":[0,0],"32":[0,0],"33":[0,0],"34":[0,0],"35":[0,0],"36":[0,0],"37":[0,0],"38":[0,0],"39":[0,0],"40":[0,0],"41":[0,0],"42":[0,0],"43":[0,0],"44":[0,0],"45":[0,0],"46":[0,0],"47":[0,0],"48":[0,0],"49":[0,0],"50":[0,0],"51":[0,0],"52":[0,0],"53":[0,0],"54":[0,0],"55":[0,0],"56":[0,0],"57":[0,0],"58":[0,0],"59":[0,0],"60":[0,0],"61":[0,0],"62":[0,0],"63":[0,0],"64":[0,0],"65":[0,0],"66":[0,0],"67":[0,0],"68":[0,0],"69":[0,0],"70":[0,0],"71":[0,0],"72":[0,0],"73":[0,0],"74":[0,0],"75":[0,0],"76":[0,0],"77":[0,0],"78":[0,0],"79":[0,0],"80":[0,0],"81":[0,0],"82":[0,0],"83":[0,0],"84":[0,0],"85":[0,0],"86":[0,0],"87":[0,0],"88":[0,0],"89":[0,0],"90":[0,0],"91":[0,0],"92":[0,0],"93":[0,0],"94":[0,0],"95":[0,0],"96":[0,0],"97":[0,0],"98":[0,0],"99":[0,0],"100":[0,0],"101":[0,0],"102":[0,0],"103":[0,0],"104":[0,0],"105":[0,0],"106":[0,0],"107":[0,0],"108":[0,0],"109":[0,0],"110":[0,0],"111":[0,0],"112":[0,0],"113":[0,0],"114":[0,0],"115":[0,0],"116":[0,0],"117":[0,0],"118":[0,0],"119":[0,0],"120":[0,0],"121":[0,0],"122":[0,0],"123":[0,2],"124":[2,0],"125":[2,2]},"_coverageSchema":"1a1c01bbd47fc00a2c39e90264f33305004495a9","hash":"7d0491036a282251c225ef29cfe75dfebcdd6f7c"}
}
