TN:
SF:app.js
FN:48,(anonymous_0)
FN:153,(anonymous_1)
FN:169,(anonymous_2)
FN:177,(anonymous_3)
FN:220,(anonymous_4)
FN:221,(anonymous_5)
FN:222,(anonymous_6)
FN:223,(anonymous_7)
FN:224,(anonymous_8)
FN:225,(anonymous_9)
FN:287,(anonymous_10)
FN:310,(anonymous_11)
FN:312,(anonymous_12)
FN:320,(anonymous_13)
FN:323,(anonymous_14)
FN:327,(anonymous_15)
FN:328,(anonymous_16)
FN:357,(anonymous_17)
FN:387,(anonymous_18)
FN:388,(anonymous_19)
FN:401,(anonymous_20)
FN:424,(anonymous_21)
FN:435,(anonymous_22)
FN:457,(anonymous_23)
FN:471,(anonymous_24)
FN:563,(anonymous_25)
FN:614,(anonymous_26)
FN:656,(anonymous_27)
FN:667,(anonymous_28)
FN:681,(anonymous_29)
FN:694,(anonymous_30)
FN:707,(anonymous_31)
FN:712,(anonymous_32)
FN:716,(anonymous_33)
FN:725,(anonymous_34)
FN:734,(anonymous_35)
FN:743,(anonymous_36)
FN:752,(anonymous_37)
FN:761,(anonymous_38)
FN:771,(anonymous_39)
FN:781,(anonymous_40)
FN:788,(anonymous_41)
FN:792,(anonymous_42)
FN:816,(anonymous_43)
FN:819,(anonymous_44)
FN:833,(anonymous_45)
FN:836,(anonymous_46)
FN:849,(anonymous_47)
FN:870,(anonymous_48)
FN:876,(anonymous_49)
FN:890,(anonymous_50)
FN:940,(anonymous_51)
FN:980,(anonymous_52)
FN:1027,(anonymous_53)
FN:1032,(anonymous_54)
FN:1040,(anonymous_55)
FN:1047,(anonymous_56)
FN:1052,(anonymous_57)
FN:1073,(anonymous_58)
FN:1126,(anonymous_59)
FN:1136,(anonymous_60)
FN:1156,(anonymous_61)
FN:1158,(anonymous_62)
FN:1184,(anonymous_63)
FN:1191,(anonymous_64)
FN:1225,(anonymous_65)
FN:1228,(anonymous_66)
FN:1232,(anonymous_67)
FN:1255,(anonymous_68)
FN:1269,(anonymous_69)
FN:1308,(anonymous_70)
FN:1313,(anonymous_71)
FN:1314,(anonymous_72)
FN:1315,(anonymous_73)
FN:1320,(anonymous_74)
FN:1356,(anonymous_75)
FN:1396,(anonymous_76)
FN:1403,(anonymous_77)
FN:1413,(anonymous_78)
FN:1414,(anonymous_79)
FN:1437,(anonymous_80)
FN:1456,(anonymous_81)
FN:1461,(anonymous_82)
FN:1476,(anonymous_83)
FNF:84
FNH:3
FNDA:3,(anonymous_0)
FNDA:2,(anonymous_1)
FNDA:1,(anonymous_2)
FNDA:0,(anonymous_3)
FNDA:0,(anonymous_4)
FNDA:0,(anonymous_5)
FNDA:0,(anonymous_6)
FNDA:0,(anonymous_7)
FNDA:0,(anonymous_8)
FNDA:0,(anonymous_9)
FNDA:0,(anonymous_10)
FNDA:0,(anonymous_11)
FNDA:0,(anonymous_12)
FNDA:0,(anonymous_13)
FNDA:0,(anonymous_14)
FNDA:0,(anonymous_15)
FNDA:0,(anonymous_16)
FNDA:0,(anonymous_17)
FNDA:0,(anonymous_18)
FNDA:0,(anonymous_19)
FNDA:0,(anonymous_20)
FNDA:0,(anonymous_21)
FNDA:0,(anonymous_22)
FNDA:0,(anonymous_23)
FNDA:0,(anonymous_24)
FNDA:0,(anonymous_25)
FNDA:0,(anonymous_26)
FNDA:0,(anonymous_27)
FNDA:0,(anonymous_28)
FNDA:0,(anonymous_29)
FNDA:0,(anonymous_30)
FNDA:0,(anonymous_31)
FNDA:0,(anonymous_32)
FNDA:0,(anonymous_33)
FNDA:0,(anonymous_34)
FNDA:0,(anonymous_35)
FNDA:0,(anonymous_36)
FNDA:0,(anonymous_37)
FNDA:0,(anonymous_38)
FNDA:0,(anonymous_39)
FNDA:0,(anonymous_40)
FNDA:0,(anonymous_41)
FNDA:0,(anonymous_42)
FNDA:0,(anonymous_43)
FNDA:0,(anonymous_44)
FNDA:0,(anonymous_45)
FNDA:0,(anonymous_46)
FNDA:0,(anonymous_47)
FNDA:0,(anonymous_48)
FNDA:0,(anonymous_49)
FNDA:0,(anonymous_50)
FNDA:0,(anonymous_51)
FNDA:0,(anonymous_52)
FNDA:0,(anonymous_53)
FNDA:0,(anonymous_54)
FNDA:0,(anonymous_55)
FNDA:0,(anonymous_56)
FNDA:0,(anonymous_57)
FNDA:0,(anonymous_58)
FNDA:0,(anonymous_59)
FNDA:0,(anonymous_60)
FNDA:0,(anonymous_61)
FNDA:0,(anonymous_62)
FNDA:0,(anonymous_63)
FNDA:0,(anonymous_64)
FNDA:0,(anonymous_65)
FNDA:0,(anonymous_66)
FNDA:0,(anonymous_67)
FNDA:0,(anonymous_68)
FNDA:0,(anonymous_69)
FNDA:0,(anonymous_70)
FNDA:0,(anonymous_71)
FNDA:0,(anonymous_72)
FNDA:0,(anonymous_73)
FNDA:0,(anonymous_74)
FNDA:0,(anonymous_75)
FNDA:0,(anonymous_76)
FNDA:0,(anonymous_77)
FNDA:0,(anonymous_78)
FNDA:0,(anonymous_79)
FNDA:0,(anonymous_80)
FNDA:0,(anonymous_81)
FNDA:0,(anonymous_82)
FNDA:0,(anonymous_83)
DA:9,2
DA:49,3
DA:52,3
DA:53,3
DA:54,3
DA:55,3
DA:57,3
DA:58,3
DA:60,3
DA:61,3
DA:63,3
DA:66,3
DA:67,3
DA:68,3
DA:70,3
DA:71,3
DA:73,3
DA:75,3
DA:76,3
DA:78,3
DA:81,3
DA:82,3
DA:84,3
DA:85,3
DA:87,3
DA:88,3
DA:90,3
DA:93,3
DA:94,3
DA:97,3
DA:98,3
DA:100,3
DA:112,2
DA:154,2
DA:155,2
DA:156,2
DA:157,2
DA:159,1
DA:160,1
DA:161,1
DA:162,1
DA:165,1
DA:170,1
DA:171,1
DA:173,0
DA:178,0
DA:179,0
DA:181,0
DA:184,0
DA:192,0
DA:194,0
DA:197,0
DA:204,2
DA:219,2
DA:220,0
DA:221,0
DA:222,0
DA:223,0
DA:224,0
DA:225,0
DA:228,2
DA:255,2
DA:284,2
DA:288,0
DA:289,0
DA:290,0
DA:293,0
DA:294,0
DA:296,0
DA:300,0
DA:303,0
DA:304,0
DA:305,0
DA:306,0
DA:307,0
DA:312,0
DA:313,0
DA:314,0
DA:315,0
DA:322,0
DA:323,0
DA:326,0
DA:327,0
DA:328,0
DA:329,0
DA:330,0
DA:334,0
DA:335,0
DA:337,0
DA:340,0
DA:341,0
DA:344,0
DA:345,0
DA:346,0
DA:347,0
DA:348,0
DA:352,0
DA:353,0
DA:358,0
DA:359,0
DA:360,0
DA:361,0
DA:362,0
DA:363,0
DA:365,0
DA:366,0
DA:367,0
DA:369,0
DA:370,0
DA:372,0
DA:373,0
DA:374,0
DA:376,0
DA:377,0
DA:380,0
DA:383,0
DA:385,0
DA:387,0
DA:388,0
DA:389,0
DA:392,0
DA:395,0
DA:396,0
DA:397,0
DA:402,0
DA:403,0
DA:405,0
DA:406,0
DA:408,0
DA:409,0
DA:410,0
DA:411,0
DA:413,0
DA:416,0
DA:418,0
DA:421,0
DA:425,0
DA:426,0
DA:427,0
DA:428,0
DA:429,0
DA:430,0
DA:431,0
DA:436,0
DA:438,0
DA:441,0
DA:442,0
DA:443,0
DA:446,0
DA:447,0
DA:448,0
DA:451,0
DA:454,0
DA:458,0
DA:459,0
DA:462,0
DA:464,0
DA:471,0
DA:472,0
DA:473,0
DA:476,0
DA:477,0
DA:479,0
DA:480,0
DA:481,0
DA:482,0
DA:483,0
DA:484,0
DA:485,0
DA:486,0
DA:488,0
DA:489,0
DA:491,0
DA:492,0
DA:493,0
DA:495,0
DA:496,0
DA:497,0
DA:498,0
DA:499,0
DA:501,0
DA:503,0
DA:504,0
DA:505,0
DA:508,0
DA:509,0
DA:511,0
DA:512,0
DA:513,0
DA:514,0
DA:515,0
DA:516,0
DA:517,0
DA:518,0
DA:519,0
DA:520,0
DA:522,0
DA:523,0
DA:525,0
DA:526,0
DA:527,0
DA:529,0
DA:530,0
DA:531,0
DA:532,0
DA:534,0
DA:535,0
DA:536,0
DA:537,0
DA:538,0
DA:539,0
DA:540,0
DA:541,0
DA:542,0
DA:544,0
DA:545,0
DA:547,0
DA:548,0
DA:549,0
DA:551,0
DA:552,0
DA:553,0
DA:554,0
DA:557,0
DA:560,0
DA:564,0
DA:567,0
DA:568,0
DA:569,0
DA:571,0
DA:600,0
DA:601,0
DA:602,0
DA:605,0
DA:606,0
DA:608,0
DA:610,0
DA:611,0
DA:614,0
DA:615,0
DA:616,0
DA:620,0
DA:657,0
DA:658,0
DA:668,0
DA:670,0
DA:671,0
DA:673,0
DA:674,0
DA:677,0
DA:678,0
DA:682,0
DA:683,0
DA:690,2
DA:695,0
DA:696,0
DA:697,0
DA:698,0
DA:701,0
DA:702,0
DA:703,0
DA:704,0
DA:708,0
DA:709,0
DA:714,0
DA:715,0
DA:716,0
DA:717,0
DA:718,0
DA:723,0
DA:724,0
DA:725,0
DA:726,0
DA:727,0
DA:732,0
DA:733,0
DA:734,0
DA:735,0
DA:736,0
DA:741,0
DA:742,0
DA:743,0
DA:744,0
DA:745,0
DA:750,0
DA:751,0
DA:752,0
DA:753,0
DA:754,0
DA:759,0
DA:760,0
DA:761,0
DA:762,0
DA:763,0
DA:768,0
DA:769,0
DA:770,0
DA:771,0
DA:772,0
DA:773,0
DA:778,0
DA:779,0
DA:780,0
DA:781,0
DA:782,0
DA:783,0
DA:789,0
DA:791,0
DA:792,0
DA:794,0
DA:800,0
DA:801,0
DA:804,0
DA:805,0
DA:806,0
DA:807,0
DA:809,0
DA:813,0
DA:817,0
DA:818,0
DA:819,0
DA:821,0
DA:827,0
DA:828,0
DA:830,0
DA:834,0
DA:835,0
DA:836,0
DA:838,0
DA:843,0
DA:844,0
DA:846,0
DA:851,0
DA:852,0
DA:853,0
DA:855,0
DA:871,0
DA:872,0
DA:873,0
DA:877,0
DA:879,0
DA:880,0
DA:881,0
DA:884,0
DA:885,0
DA:886,0
DA:892,0
DA:893,0
DA:894,0
DA:895,0
DA:897,0
DA:898,0
DA:899,0
DA:900,0
DA:901,0
DA:902,0
DA:903,0
DA:905,0
DA:906,0
DA:910,0
DA:911,0
DA:912,0
DA:914,0
DA:920,0
DA:921,0
DA:924,0
DA:925,0
DA:927,0
DA:928,0
DA:930,0
DA:933,0
DA:934,0
DA:936,0
DA:941,0
DA:942,0
DA:945,0
DA:946,0
DA:947,0
DA:950,0
DA:951,0
DA:957,0
DA:958,0
DA:961,0
DA:964,0
DA:965,0
DA:967,0
DA:968,0
DA:970,0
DA:971,0
DA:973,0
DA:977,0
DA:982,0
DA:989,0
DA:1002,0
DA:1003,0
DA:1005,0
DA:1006,0
DA:1008,0
DA:1009,0
DA:1011,0
DA:1012,0
DA:1014,0
DA:1015,0
DA:1016,0
DA:1017,0
DA:1024,2
DA:1028,0
DA:1031,0
DA:1032,0
DA:1034,0
DA:1035,0
DA:1037,0
DA:1041,0
DA:1042,0
DA:1045,0
DA:1047,0
DA:1048,0
DA:1049,0
DA:1052,0
DA:1053,0
DA:1054,0
DA:1057,0
DA:1058,0
DA:1059,0
DA:1061,0
DA:1062,0
DA:1065,0
DA:1066,0
DA:1068,0
DA:1069,0
DA:1070,0
DA:1071,0
DA:1072,0
DA:1073,0
DA:1075,0
DA:1076,0
DA:1077,0
DA:1078,0
DA:1079,0
DA:1080,0
DA:1081,0
DA:1083,0
DA:1084,0
DA:1085,0
DA:1088,0
DA:1089,0
DA:1091,0
DA:1092,0
DA:1093,0
DA:1095,0
DA:1096,0
DA:1098,0
DA:1099,0
DA:1100,0
DA:1102,0
DA:1103,0
DA:1104,0
DA:1106,0
DA:1107,0
DA:1108,0
DA:1109,0
DA:1110,0
DA:1112,0
DA:1113,0
DA:1114,0
DA:1115,0
DA:1116,0
DA:1117,0
DA:1119,0
DA:1122,0
DA:1123,0
DA:1124,0
DA:1125,0
DA:1126,0
DA:1128,0
DA:1129,0
DA:1133,0
DA:1137,0
DA:1138,0
DA:1140,0
DA:1141,0
DA:1142,0
DA:1144,0
DA:1146,0
DA:1147,0
DA:1150,0
DA:1151,0
DA:1152,0
DA:1153,0
DA:1157,0
DA:1158,0
DA:1159,0
DA:1161,0
DA:1163,0
DA:1164,0
DA:1165,0
DA:1166,0
DA:1168,0
DA:1169,0
DA:1171,0
DA:1173,0
DA:1174,0
DA:1175,0
DA:1176,0
DA:1179,0
DA:1180,0
DA:1181,0
DA:1185,0
DA:1186,0
DA:1189,0
DA:1191,0
DA:1192,0
DA:1194,0
DA:1195,0
DA:1197,0
DA:1198,0
DA:1199,0
DA:1200,0
DA:1201,0
DA:1203,0
DA:1204,0
DA:1205,0
DA:1207,0
DA:1208,0
DA:1209,0
DA:1211,0
DA:1212,0
DA:1213,0
DA:1214,0
DA:1217,0
DA:1224,2
DA:1226,0
DA:1227,0
DA:1228,0
DA:1233,0
DA:1234,0
DA:1236,0
DA:1238,0
DA:1239,0
DA:1240,0
DA:1241,0
DA:1242,0
DA:1243,0
DA:1244,0
DA:1245,0
DA:1246,0
DA:1247,0
DA:1251,0
DA:1254,0
DA:1255,0
DA:1257,0
DA:1258,0
DA:1259,0
DA:1260,0
DA:1261,0
DA:1262,0
DA:1263,0
DA:1264,0
DA:1265,0
DA:1269,0
DA:1270,0
DA:1272,0
DA:1273,0
DA:1275,0
DA:1276,0
DA:1277,0
DA:1278,0
DA:1280,0
DA:1281,0
DA:1282,0
DA:1283,0
DA:1285,0
DA:1286,0
DA:1287,0
DA:1288,0
DA:1290,0
DA:1291,0
DA:1293,0
DA:1294,0
DA:1295,0
DA:1297,0
DA:1298,0
DA:1299,0
DA:1307,2
DA:1309,0
DA:1310,0
DA:1311,0
DA:1313,0
DA:1314,0
DA:1315,0
DA:1317,0
DA:1321,0
DA:1322,0
DA:1323,0
DA:1326,0
DA:1327,0
DA:1328,0
DA:1332,0
DA:1334,0
DA:1336,0
DA:1338,0
DA:1339,0
DA:1341,0
DA:1342,0
DA:1343,0
DA:1345,0
DA:1348,0
DA:1351,0
DA:1352,0
DA:1353,0
DA:1358,0
DA:1359,0
DA:1360,0
DA:1362,0
DA:1364,0
DA:1366,0
DA:1369,0
DA:1370,0
DA:1373,0
DA:1374,0
DA:1375,0
DA:1377,0
DA:1378,0
DA:1379,0
DA:1381,0
DA:1382,0
DA:1384,0
DA:1388,0
DA:1395,2
DA:1397,0
DA:1398,0
DA:1401,0
DA:1403,0
DA:1404,0
DA:1405,0
DA:1406,0
DA:1408,0
DA:1409,0
DA:1410,0
DA:1411,0
DA:1412,0
DA:1413,0
DA:1414,0
DA:1415,0
DA:1416,0
DA:1417,0
DA:1421,0
DA:1422,0
DA:1424,0
DA:1425,0
DA:1426,0
DA:1427,0
DA:1429,0
DA:1430,0
DA:1432,0
DA:1433,0
DA:1435,0
DA:1436,0
DA:1437,0
DA:1438,0
DA:1439,0
DA:1440,0
DA:1441,0
DA:1442,0
DA:1444,0
DA:1447,0
DA:1448,0
DA:1449,0
DA:1450,0
DA:1453,0
DA:1457,0
DA:1460,0
DA:1461,0
DA:1462,0
DA:1463,0
DA:1464,0
DA:1467,0
DA:1468,0
DA:1469,0
DA:1475,2
DA:1476,0
DA:1477,0
DA:1482,2
DA:1483,2
LF:684
LH:57
BRDA:52,0,0,3
BRDA:52,0,1,1
BRDA:53,1,0,3
BRDA:53,1,1,0
BRDA:54,2,0,3
BRDA:54,2,1,1
BRDA:57,3,0,3
BRDA:57,3,1,2
BRDA:60,4,0,3
BRDA:60,4,1,2
BRDA:66,5,0,3
BRDA:66,5,1,1
BRDA:67,6,0,3
BRDA:67,6,1,2
BRDA:68,7,0,3
BRDA:68,7,1,2
BRDA:81,8,0,3
BRDA:81,8,1,0
BRDA:82,9,0,3
BRDA:82,9,1,0
BRDA:84,10,0,3
BRDA:84,10,1,1
BRDA:85,11,0,3
BRDA:85,11,1,0
BRDA:87,12,0,3
BRDA:87,12,1,1
BRDA:88,13,0,3
BRDA:88,13,1,0
BRDA:93,14,0,3
BRDA:93,14,1,0
BRDA:94,15,0,3
BRDA:94,15,1,1
BRDA:156,16,0,2
BRDA:156,16,1,0
BRDA:192,17,0,0
BRDA:192,17,1,0
BRDA:293,18,0,0
BRDA:293,18,1,0
BRDA:313,19,0,0
BRDA:313,19,1,0
BRDA:330,20,0,0
BRDA:330,20,1,0
BRDA:335,21,0,0
BRDA:335,21,1,0
BRDA:345,22,0,0
BRDA:345,22,1,0
BRDA:348,23,0,0
BRDA:348,23,1,0
BRDA:352,24,0,0
BRDA:352,24,1,0
BRDA:369,25,0,0
BRDA:369,25,1,0
BRDA:370,26,0,0
BRDA:370,26,1,0
BRDA:372,27,0,0
BRDA:372,27,1,0
BRDA:376,28,0,0
BRDA:376,28,1,0
BRDA:380,29,0,0
BRDA:380,29,1,0
BRDA:389,30,0,0
BRDA:389,30,1,0
BRDA:392,31,0,0
BRDA:392,31,1,0
BRDA:396,32,0,0
BRDA:396,32,1,0
BRDA:405,33,0,0
BRDA:405,33,1,0
BRDA:413,34,0,0
BRDA:413,34,1,0
BRDA:416,35,0,0
BRDA:416,35,1,0
BRDA:426,36,0,0
BRDA:426,36,1,0
BRDA:436,37,0,0
BRDA:436,37,1,0
BRDA:459,38,0,0
BRDA:459,38,1,0
BRDA:496,39,0,0
BRDA:496,39,1,0
BRDA:498,40,0,0
BRDA:498,40,1,0
BRDA:511,41,0,0
BRDA:511,41,1,0
BRDA:560,42,0,0
BRDA:560,42,1,0
BRDA:564,43,0,0
BRDA:564,43,1,0
BRDA:568,44,0,0
BRDA:568,44,1,0
BRDA:569,45,0,0
BRDA:569,45,1,0
BRDA:601,46,0,0
BRDA:601,46,1,0
BRDA:602,47,0,0
BRDA:602,47,1,0
BRDA:608,48,0,0
BRDA:608,48,1,0
BRDA:615,49,0,0
BRDA:615,49,1,0
BRDA:657,50,0,0
BRDA:657,50,1,0
BRDA:673,51,0,0
BRDA:673,51,1,0
BRDA:674,52,0,0
BRDA:674,52,1,0
BRDA:683,53,0,0
BRDA:683,53,1,0
BRDA:696,54,0,0
BRDA:696,54,1,0
BRDA:709,55,0,0
BRDA:709,55,1,0
BRDA:715,56,0,0
BRDA:715,56,1,0
BRDA:724,57,0,0
BRDA:724,57,1,0
BRDA:733,58,0,0
BRDA:733,58,1,0
BRDA:742,59,0,0
BRDA:742,59,1,0
BRDA:751,60,0,0
BRDA:751,60,1,0
BRDA:760,61,0,0
BRDA:760,61,1,0
BRDA:769,62,0,0
BRDA:769,62,1,0
BRDA:779,63,0,0
BRDA:779,63,1,0
BRDA:801,64,0,0
BRDA:801,64,1,0
BRDA:805,65,0,0
BRDA:805,65,1,0
BRDA:806,66,0,0
BRDA:806,66,1,0
BRDA:828,67,0,0
BRDA:828,67,1,0
BRDA:844,68,0,0
BRDA:844,68,1,0
BRDA:856,69,0,0
BRDA:856,69,1,0
BRDA:863,70,0,0
BRDA:863,70,1,0
BRDA:866,71,0,0
BRDA:866,71,1,0
BRDA:879,72,0,0
BRDA:879,72,1,0
BRDA:884,73,0,0
BRDA:884,73,1,0
BRDA:884,74,0,0
BRDA:884,74,1,0
BRDA:897,75,0,0
BRDA:897,75,1,0
BRDA:898,76,0,0
BRDA:898,76,1,0
BRDA:901,77,0,0
BRDA:901,77,1,0
BRDA:910,78,0,0
BRDA:910,78,1,0
BRDA:911,79,0,0
BRDA:911,79,1,0
BRDA:927,80,0,0
BRDA:927,80,1,0
BRDA:933,81,0,0
BRDA:933,81,1,0
BRDA:957,82,0,0
BRDA:957,82,1,0
BRDA:965,83,0,0
BRDA:965,83,1,0
BRDA:970,84,0,0
BRDA:970,84,1,0
BRDA:1012,85,0,0
BRDA:1012,85,1,0
BRDA:1035,86,0,0
BRDA:1035,86,1,0
BRDA:1042,87,0,0
BRDA:1042,87,1,0
BRDA:1048,88,0,0
BRDA:1048,88,1,0
BRDA:1058,89,0,0
BRDA:1058,89,1,0
BRDA:1125,90,0,0
BRDA:1125,90,1,0
BRDA:1133,91,0,0
BRDA:1133,91,1,0
BRDA:1140,92,0,0
BRDA:1140,92,1,0
BRDA:1147,93,0,0
BRDA:1147,93,1,0
BRDA:1159,94,0,0
BRDA:1159,94,1,0
BRDA:1163,95,0,0
BRDA:1163,95,1,0
BRDA:1163,96,0,0
BRDA:1163,96,1,0
BRDA:1168,97,0,0
BRDA:1168,97,1,0
BRDA:1173,98,0,0
BRDA:1173,98,1,0
BRDA:1173,99,0,0
BRDA:1173,99,1,0
BRDA:1186,100,0,0
BRDA:1186,100,1,0
BRDA:1195,101,0,0
BRDA:1195,101,1,0
BRDA:1217,102,0,0
BRDA:1217,102,1,0
BRDA:1227,103,0,0
BRDA:1227,103,1,0
BRDA:1234,104,0,0
BRDA:1234,104,1,0
BRDA:1238,105,0,0
BRDA:1238,105,1,0
BRDA:1257,106,0,0
BRDA:1257,106,1,0
BRDA:1313,107,0,0
BRDA:1313,107,1,0
BRDA:1314,108,0,0
BRDA:1314,108,1,0
BRDA:1315,109,0,0
BRDA:1315,109,1,0
BRDA:1321,110,0,0
BRDA:1321,110,1,0
BRDA:1322,111,0,0
BRDA:1322,111,1,0
BRDA:1323,112,0,0
BRDA:1323,112,1,0
BRDA:1342,113,0,0
BRDA:1342,113,1,0
BRDA:1364,114,0,0
BRDA:1364,114,1,0
BRDA:1381,115,0,0
BRDA:1381,115,1,0
BRDA:1398,116,0,0
BRDA:1398,116,1,0
BRDA:1415,117,0,0
BRDA:1415,117,1,0
BRDA:1415,118,0,0
BRDA:1415,118,1,0
BRDA:1440,119,0,0
BRDA:1440,119,1,0
BRDA:1453,120,0,0
BRDA:1453,120,1,0
BRDA:1464,121,0,0
BRDA:1464,121,1,0
BRDA:1467,122,0,0
BRDA:1467,122,1,0
BRDA:1475,123,0,0
BRDA:1475,123,1,2
BRDA:1482,124,0,2
BRDA:1482,124,1,0
BRDA:1482,125,0,2
BRDA:1482,125,1,2
BRF:252
BRH:31
end_of_record
